[2021/08/19 16:37:59 091] [FOTA#Transport][D][WM_FOTA_ICEHUCommunicationClient.cpp:117:Initialize] WM_FOTA_ICEHUCommunicationClient::Initialize
[2021/08/19 16:37:59 219] [FOTA#Transport][D][WM_FOTA_ICETBoxCommunicationServer.cpp:93:Initialize] WM_FOTA_ICETBoxCommunicationServer::Initialize +++
[2021/08/19 16:37:59 221] [FOTA#Transport][D][WM_FOTA_ICETBoxCommunicationServer.cpp:93:Initialize] WM_FOTA_ICETBoxCommunicationServer::Initialize ---, cost 2692826879068588.500 seconds
[2021/08/19 16:37:59 221] [FOTA#FotaManager][D][WM_FOTA_FOTAManager.cpp:389:Initialize] WM_FOTA_FOTAManager::Initialize

[2021/08/19 16:37:59 221] [FOTA#FotaManager][D][WM_FOTA_FOTAManager.cpp:391:Initialize] WM_FOTA_FOTAManager::Initialize end

[2021/08/19 16:37:59 222] [FOTA#Transport][D][WM_FOTA_ICETBoxCommunicationServer.cpp:118:Start] WM_FOTA_ICETBoxCommunicationServer::Start +++
[2021/08/19 16:37:59 226] [FOTA#FotaManager][D][WM_FOTA_ScriptThread.cpp:32:Run] Run 995 Notify!!

[2021/08/19 16:37:59 264] [FOTA#Transport][D][WM_FOTA_ICETBoxCommunicationServer.cpp:118:Start] WM_FOTA_ICETBoxCommunicationServer::Start ---, cost 180576529112218.500 seconds
[2021/08/19 16:37:59 265] [FOTA#Transport][D][WM_FOTA_ICEHUCommunicationClient.cpp:145:Start] WM_FOTA_ICEHUCommunicationClient::Start
[2021/08/19 16:37:59 316] [FOTA#Transport][D][WM_FOTA_ICEHUCommunicationClient.cpp:192:Start] [/data/jenkins-slave/workspace/Gallop_Tbox_Build/Gallop_ASE3_TBox_ota1/FOTA3.0/RPC/Client/HU/source/WM_FOTA_ICEHUCommunicationClient.cpp][Start][192] str = 605DEF52-8273-43D6-85AA-990637B8084F

[2021/08/19 16:37:59 331] [FOTA#Transport][D][WM_FOTA_ICEHUCommunicationClient.cpp:226:Start] HUCommunicationClient Connect HUCommunicationServer Success
[2021/08/19 16:38:02 166] [FOTA#Transport][D][WM_FOTA_ICETBoxSender.cpp:64:RegisterTBoxClient] WM_FOTA_ICETBoxSender::RegisterTBoxClient +++
[2021/08/19 16:38:02 166] [FOTA#Transport][D][WM_FOTA_ICETBoxSender.cpp:64:RegisterTBoxClient] WM_FOTA_ICETBoxSender::RegisterTBoxClient ---, cost 27741193764.864 seconds
[2021/08/19 16:38:04 333] [FOTA#Transport][D][WM_FOTA_ICEFotaServiceCommunicationClient.cpp:91:Initialize] WM_FOTA_ICEFotaServiceCommunicationClient::Initialize +++
[2021/08/19 16:38:04 338] [FOTA#Transport][D][WM_FOTA_ICEFotaServiceCommunicationClient.cpp:91:Initialize] WM_FOTA_ICEFotaServiceCommunicationClient::Initialize ---, cost 3195065133298736.000 seconds
[2021/08/19 16:38:04 339] [FOTA#Transport][D][WM_FOTA_ICEFotaServiceCommunicationClient.cpp:118:Start] WM_FOTA_ICEFotaServiceCommunicationClient::Start +++
[2021/08/19 16:38:04 356] [FOTA#FotaManager][D][WM_FOTA_RollbackDataManager.cpp:260:MakeRollbackFile] rollback file /wm/update/fotaDB/rollback.json exist
[2021/08/19 16:38:04 357] [FOTA#FotaManager][D][WM_FOTA_IgwAwakeThread.cpp:77:DormancyGW] dormancy gateway
[2021/08/19 16:38:04 358] [FOTA#Transport][D][WM_FOTA_ICEFotaServiceCommunicationClient.cpp:175:Start] FotaServiceCommunicationClient Connect FotaServiceCommunicationServer Success
[2021/08/19 16:38:04 359] [FOTA#FotaManager][D][WM_FOTA_FOTAManagerThread.cpp:291:Run] FOTA_FSM_BOOTUP State
[2021/08/19 16:38:04 360] [FOTA#FotaManager][D][WM_FOTA_FOTADataManager.cpp:909:LoadBackupMemory] WM_FOTA_FOTADataManager::LoadBackupMemory +++
[2021/08/19 16:38:04 364] [FOTA#FotaManager][D][WM_FOTA_FOTADataManager.cpp:952:LoadBackupMemory] version: 1.0.0, timestamp: 1629359048, dataSize: 836
[2021/08/19 16:38:04 379] [FOTA#FotaManager][D][WM_FOTA_FOTADataManager.cpp:1234:DumpDB] WM_FOTA_FOTADataManager::DumpDB +++
[2021/08/19 16:38:04 379] [FOTA#FotaManager][D][WM_FOTA_FOTADataManager.cpp:1236:DumpDB] StateMachine State: [8]
[2021/08/19 16:38:04 379] [FOTA#FotaManager][D][WM_FOTA_FOTADataManager.cpp:1237:DumpDB] UpgradeState: [16]
[2021/08/19 16:38:04 379] [FOTA#FotaManager][D][WM_FOTA_FOTADataManager.cpp:1238:DumpDB] VehicleVin: [LL2274097LW003048]
[2021/08/19 16:38:04 379] [FOTA#FotaManager][D][WM_FOTA_FOTADataManager.cpp:1239:DumpDB] publish_seq_no: [6164]
[2021/08/19 16:38:04 380] [FOTA#FotaManager][D][WM_FOTA_FOTADataManager.cpp:1240:DumpDB] mode: [3]
[2021/08/19 16:38:04 380] [FOTA#FotaManager][D][WM_FOTA_FOTADataManager.cpp:1241:DumpDB] reserveStatus: [0]
[2021/08/19 16:38:04 380] [FOTA#FotaManager][D][WM_FOTA_FOTADataManager.cpp:1242:DumpDB] reserveTime: []
[2021/08/19 16:38:04 380] [FOTA#FotaManager][D][WM_FOTA_FOTADataManager.cpp:1234:DumpDB] WM_FOTA_FOTADataManager::DumpDB ---, cost 4651986452480.001 seconds
[2021/08/19 16:38:04 380] [FOTA#FotaManager][D][WM_FOTA_FOTADataManager.cpp:909:LoadBackupMemory] WM_FOTA_FOTADataManager::LoadBackupMemory ---, cost 8688071721380479.000 seconds
[2021/08/19 16:38:04 382] [FOTA#FotaManager][D][WM_FOTA_FOTAManagerThread.cpp:310:Run] FOTA_FSM_INIT State
[2021/08/19 16:38:04 383] [FOTA#FotaManager][D][WM_FOTA_FOTAManagerThread.cpp:5578:DotaRequest] Dota request
[2021/08/19 16:38:04 383] [FOTA#FotaManager][D][WM_FOTA_FOTAManager.cpp:511:DotaRequest] DotaRequest
[2021/08/19 16:38:04 383] [FOTA#FotaManager][D][WM_FOTA_FOTAManager.cpp:143:WM_TBOX_OTA_SendRequest_To_DOTA] m_DotaStatusNotifyOta.m_Tbox_Ota_Dota_Common_Req.msgid = 1001
[2021/08/19 16:38:04 383] [FOTA#FotaManager][D][WM_FOTA_FOTAManager.cpp:144:WM_TBOX_OTA_SendRequest_To_DOTA] m_DotaStatusNotifyOta.m_Tbox_Ota_Dota_Common_Req.msgtype = 9
[2021/08/19 16:38:04 384] [FOTA#FotaManager][D][WM_FOTA_FOTAManager.cpp:145:WM_TBOX_OTA_SendRequest_To_DOTA] m_DotaStatusNotifyOta..timeout = 600
[2021/08/19 16:38:04 384] [FOTA#FotaManager][D][WM_FOTA_FOTAManager.cpp:146:WM_TBOX_OTA_SendRequest_To_DOTA] m_DotaStatusNotifyOta.m_Tbox_Ota_Dota_Common_Req.timestamp = 1629362284
[2021/08/19 16:38:04 388] [FOTA#FotaManager][D][WM_FOTA_FOTAManager.cpp:103:WM_TBOX_OTASendMpuIpcMsg] Tbox OTA APP  IPC Msg send 1
[2021/08/19 16:38:04 388] [FOTA#FotaManager][D][WM_FOTA_FOTAManagerThread.cpp:5583:DotaRequest] wait Dota
[2021/08/19 16:38:04 774] [FOTA#FotaManager][D][WM_FOTA_FOTAManager.cpp:186:wmFotaHandler] msgType is invalid 1629362284
[2021/08/19 16:38:04 775] [FOTA#FotaManager][D][WM_FOTA_FOTAManager.cpp:517:DotaResponse] DotaResponse 1
[2021/08/19 16:38:04 776] [FOTA#FotaManager][D][WM_FOTA_FOTAManagerThread.cpp:5590:DotaResponse] DotaResponse
[2021/08/19 16:38:04 776] [FOTA#FotaManager][D][WM_FOTA_IgwAwakeThread.cpp:64:WakeUpGW] wake up gateway
[2021/08/19 16:38:04 776] [FOTA#FotaManager][D][WM_FOTA_IgwAwakeThread.cpp:65:WakeUpGW] udsSetCanWorkStatus 1
[2021/08/19 16:38:06 786] [FOTA#FotaManager][D][WM_FOTA_FOTAManagerThread.cpp:1258:FotaEnvInitialize] WM_FOTA_FOTAManagerThread::FotaEnvInitialize +++
[2021/08/19 16:38:06 786] [FOTA#FotaManager][D][WM_FOTA_FOTAManagerThread.cpp:1262:FotaEnvInitialize] GetVIN is LL2274097LW003048
[2021/08/19 16:38:06 789] [FOTA#FotaManager][D][WM_FOTA_VehicleInfo.cpp:159:InitializeEnv] getTspEnv: 3
[2021/08/19 16:38:06 791] [FOTA#FotaManager][D][WM_FOTA_VehicleInfo.cpp:274:InitializeEnv] m_versionScriptUrl: https://wm-hu-api-uat.wm-motor.com/v2/vehicle/fota/script
[2021/08/19 16:38:06 791] [FOTA#FotaManager][D][WM_FOTA_VehicleInfo.cpp:275:InitializeEnv] m_rollBackUrl: https://wm-hu-api-uat.wm-motor.com/v2/vehicle/fota/currentEdition
[2021/08/19 16:38:06 791] [FOTA#FotaManager][D][WM_FOTA_VehicleInfo.cpp:276:InitializeEnv] m_upLoadLogUrl: https://wm-hu-api-uat.wm-motor.com/v2/vehicle/fota/log
[2021/08/19 16:38:06 791] [FOTA#FotaManager][D][WM_FOTA_VehicleInfo.cpp:277:InitializeEnv] m_upgradeStatusUrl: https://wm-hu-api-uat.wm-motor.com/v2/vehicle/fota/status
[2021/08/19 16:38:06 792] [FOTA#FotaManager][D][WM_FOTA_VehicleInfo.cpp:278:InitializeEnv] m_versionCheckUrl: https://wm-hu-api-uat.wm-motor.com/v2/vehicle/fota/softwares
[2021/08/19 16:38:06 792] [FOTA#FotaManager][D][WM_FOTA_VehicleInfo.cpp:279:InitializeEnv] m_PowerSupplyTimesUrl: https://wm-hu-api-uat.wm-motor.com/v2/vehicle/fota/getSupEle
[2021/08/19 16:38:06 792] [FOTA#FotaManager][D][WM_FOTA_VehicleInfo.cpp:280:InitializeEnv] m_bookingUrl: https://wm-hu-api-uat.wm-motor.com/v2/vehicle/fota/booking
[2021/08/19 16:38:06 792] [FOTA#FotaManager][D][WM_FOTA_VehicleInfo.cpp:281:InitializeEnv] m_bookingInstallUrl: https://wm-hu-api-uat.wm-motor.com/v2/vehicle/fota/bookingInstall
[2021/08/19 16:38:06 792] [FOTA#FotaManager][D][WM_FOTA_VehicleInfo.cpp:282:InitializeEnv] m_setEleStatusUrl: https://wm-hu-api-uat.wm-motor.com/v2/vehicle/fota/setEleStatus
[2021/08/19 16:38:06 792] [FOTA#FotaManager][D][WM_FOTA_VehicleInfo.cpp:283:InitializeEnv] m_upgradeResultUrl: https://wm-hu-api-uat.wm-motor.com/v2/vehicle/fota/upgradeResult
[2021/08/19 16:38:06 792] [FOTA#FotaManager][D][WM_FOTA_VehicleInfo.cpp:284:InitializeEnv] m_downUpdataEngineUrl : https://wm-hu-api-uat.wm-motor.com/v2/vehicle/fota/updateEngine
[2021/08/19 16:38:06 793] [FOTA#FotaManager][D][WM_FOTA_VehicleInfo.cpp:285:InitializeEnv] m_downB60XOdxUrl : https://wm-hu-api-uat.wm-motor.com/v2/vehicle/fota/updateScript
[2021/08/19 16:38:06 793] [FOTA#FotaManager][D][WM_FOTA_VehicleInfo.cpp:286:InitializeEnv] m_upgradeConditionUrl: https://wm-hu-api-uat.wm-motor.com/v2/vehicle/fota/tboxCheck
[2021/08/19 16:38:06 793] [FOTA#FotaManager][D][WM_FOTA_VehicleInfo.cpp:287:InitializeEnv] m_historyVersionUrl: https://wm-hu-api-uat.wm-motor.com/v2/vehicle/fota/getHistoryVersion
[2021/08/19 16:38:06 793] [FOTA#FotaManager][D][WM_FOTA_VehicleInfo.cpp:288:InitializeEnv] m_scriptUrl: https://wm-hu-api-uat.wm-motor.com/v2/vehicle/fota/runscriptenc
[2021/08/19 16:38:06 793] [FOTA#FotaManager][D][WM_FOTA_VehicleInfo.cpp:289:InitializeEnv] m_VerifyPkiUrl : https://wm-gateway-center-uat.wm-motor.com/security-service/pki/p7DetachVerify 
[2021/08/19 16:38:06 794] [FOTA#FotaManager][D][WM_FOTA_FOTADataManager.cpp:492:SetVehicleVin] SetVehicleVin: LL2274097LW003048
[2021/08/19 16:38:06 795] [FOTA#FotaManager][D][WM_FOTA_FOTADataManager.cpp:1044:SaveBackupMemory] WM_FOTA_FOTADataManager::SaveBackupMemory +++
[2021/08/19 16:38:06 796] [FOTA#FotaManager][D][WM_FOTA_RollbackDataManager.cpp:260:MakeRollbackFile] rollback file /wm/update/fotaDB/rollback.json exist
[2021/08/19 16:38:06 800] [FOTA#FotaManager][D][WM_FOTA_FOTADataManager.cpp:1044:SaveBackupMemory] WM_FOTA_FOTADataManager::SaveBackupMemory ---, cost 21226531535716.355 seconds
[2021/08/19 16:38:06 808] [FOTA#FotaManager][D][WM_FOTA_FOTAManagerThread.cpp:1274:FotaEnvInitialize] GetTBoxMPUVersion: A3HTANFUP003441
[2021/08/19 16:38:06 809] [FOTA#FotaManager][D][WM_FOTA_FOTAManagerThread.cpp:1282:FotaEnvInitialize] GetTBoxMCUVersion: ASE3HTBVM210809
[2021/08/19 16:38:06 809] [FOTA#FotaManager][D][WM_FOTA_FOTAManagerThread.cpp:1290:FotaEnvInitialize] GetTBoxPN: VE70026302W769001
[2021/08/19 16:38:06 809] [FOTA#FotaManager][D][WM_FOTA_FOTAManagerThread.cpp:1298:FotaEnvInitialize] GetTBoxSN: VE70026302-ABD0044
[2021/08/19 16:38:06 812] [FOTA#FotaManager][D][WM_FOTA_PostMsg2Tsp.cpp:1271:DownloadUpdatePrepareFile] WM_FOTA_POST_Msg2Tsp : DownloadUpdatePrepareFile +++
[2021/08/19 16:38:06 812] [FOTA#FotaManager][D][WM_FOTA_PostMsg2Tsp.cpp:1272:DownloadUpdatePrepareFile] type = updateScript, filePath = /wm/update/B60X.odx
[2021/08/19 16:38:06 812] [FOTA#FotaManager][D][WM_FOTA_PostMsg2Tsp.cpp:1279:DownloadUpdatePrepareFile] /wm/update/B60X.odx is Exist, Get the Md5Value of the file
[2021/08/19 16:38:06 812] [FOTA#FotaManager][D][WM_FOTA_PostMsg2Tsp.cpp:2354:getMD5value] MD5_Init start
[2021/08/19 16:38:06 815] [FOTA#FotaManager][D][WM_FOTA_PostMsg2Tsp.cpp:2366:getMD5value] downLoadFileSize:3244688
[2021/08/19 16:38:06 963] [FOTA#FotaManager][D][WM_FOTA_PostMsg2Tsp.cpp:2385:getMD5value] MD5_Final end
[2021/08/19 16:38:06 963] [FOTA#FotaManager][D][WM_FOTA_PostMsg2Tsp.cpp:2386:getMD5value] fileName :/wm/update/B60X.odx Md5Value = 8da908649433a97b39e42139e0bbac0d
[2021/08/19 16:38:06 964] [FOTA#FotaManager][D][WM_FOTA_PostMsg2Tsp.cpp:1285:DownloadUpdatePrepareFile] DownloadUpdatePrepareFile : Md5Value = 8da908649433a97b39e42139e0bbac0d
[2021/08/19 16:38:06 964] [FOTA#FotaManager][D][WM_FOTA_PostMsg2Tsp.cpp:1332:DownloadUpdatePrepareFile] DownloadUpdatePrepareFile upUrl = https://wm-hu-api-uat.wm-motor.com/v2/vehicle/fota/updatePrepare?type=updateScript&isExist=Y
[2021/08/19 16:38:06 965] [FOTA#FotaManager][D][WM_FOTA_PostMsg2Tsp.cpp:1339:DownloadUpdatePrepareFile] vin = LL2274097LW003048
[2021/08/19 16:38:06 967] [FOTA#CloudProxy][D][WM_FOTA_HttpCommunication.cpp:1235:Execute] WM_FOTA_HttpCommunication::Execute +++
[2021/08/19 16:38:06 969] [FOTA#CloudProxy][D][WM_FOTA_HttpCommunication.cpp:1247:Execute] Execute CloudProxyRequest id: 1
[2021/08/19 16:38:06 969] [FOTA#CloudProxy][D][WM_FOTA_HttpCommunication.cpp:1255:Execute] Execute CloudProxyRequest Method Type :2
[2021/08/19 16:38:06 970] [FOTA#CloudProxy][D][WM_FOTA_HttpCommunication.cpp:814:CurlHttpsPost] WM_FOTA_HttpCommunication::CurlHttpsPost +++
[2021/08/19 16:38:06 971] [FOTA#CloudProxy][D][WM_FOTA_HttpCommunication.cpp:902:CurlHttpsPost] CurlHttpsPost Url: https://wm-hu-api-uat.wm-motor.com/v2/vehicle/fota/updatePrepare?type=updateScript&isExist=Y
[2021/08/19 16:38:06 972] [FOTA#CloudProxy][D][WM_FOTA_HttpCommunication.cpp:1125:CurlHttpsPost] CurlHttpsPost Request TimeOut: 900
[2021/08/19 16:38:07 691] [FOTA#CloudProxy][D][WM_FOTA_HttpCommunication.cpp:814:CurlHttpsPost] WM_FOTA_HttpCommunication::CurlHttpsPost ---, cost 5725960498008337.000 seconds
[2021/08/19 16:38:07 691] [FOTA#CloudProxy][D][WM_FOTA_HttpCommunication.cpp:1276:Execute] Execute CloudProxyRequest ResCode[rescode: 0, errmes: null]
[2021/08/19 16:38:07 691] [FOTA#CloudProxy][D][WM_FOTA_HttpCommunication.cpp:1289:Execute] Execute CloudProxyRequest ResCode[httpData size: 118, buf: {"message":"success","code":0,"serviceId":"hu-api","data":{"fileUrl":null,"fileSize":null,"sign":null,"isAllow":true}}]
[2021/08/19 16:38:07 693] [FOTA#FotaManager][D][WM_FOTA_PostMsg2Tsp.cpp:1363:DownloadUpdatePrepareFile] DownloadUpdatePrepareFile pHttpResDataBuf = {"message":"success","code":0,"serviceId":"hu-api","data":{"fileUrl":null,"fileSize":null,"sign":null,"isAllow":true}} 
[2021/08/19 16:38:07 694] [FOTA#CloudProxy][D][WM_FOTA_HttpCommunication.cpp:1235:Execute] WM_FOTA_HttpCommunication::Execute ---, cost 6205866301075856.000 seconds
[2021/08/19 16:38:07 696] [FOTA#FotaManager][D][WM_FOTA_PostMsg2Tsp.cpp:1101:ParseDownloadResData] WM_FOTA_POST_Msg2Tsp, ParseDownloadResData
[2021/08/19 16:38:07 699] [FOTA#FotaManager][D][WM_FOTA_PostMsg2Tsp.cpp:1136:ParseDownloadResData] isAllowDownlaod = 1
[2021/08/19 16:38:07 702] [FOTA#FotaManager][D][WM_FOTA_PostMsg2Tsp.cpp:1153:ParseDownloadResData] The current file is up to date and does not need to be updated
[2021/08/19 16:38:07 702] [FOTA#FotaManager][D][WM_FOTA_PostMsg2Tsp.cpp:1271:DownloadUpdatePrepareFile] WM_FOTA_POST_Msg2Tsp : DownloadUpdatePrepareFile ---, cost 17976104465106732.000 seconds
[2021/08/19 16:38:07 703] [FOTA#FotaManager][D][WM_FOTA_VehicleInfo.cpp:1033:MakeVehicleDeviceInfo] WM_FOTA_VehicleInfo::MakeVehicleDeviceInfo +++
[2021/08/19 16:38:09 359] [FOTA#Transport][D][WM_FOTA_ICEFotaServiceCommunicationClient.cpp:118:Start] WM_FOTA_ICEFotaServiceCommunicationClient::Start ---, cost 85287525689696.219 seconds
[2021/08/19 16:38:09 496] [FOTA#DoIP][D][WM_FOTA_DoIPClient.cpp:203:RegisterDoIPCallback] RegisterDoIPCallback callback
[2021/08/19 16:38:09 497] [FOTA#DoIP][D][WM_FOTA_DoIPClient.cpp:310:CreateUdpSocket] Socket create OK, [m_udpClientSfd: 37]
[2021/08/19 16:38:09 497] [FOTA#DoIP][D][WM_FOTA_DoIPClient.cpp:244:CreateVehicleDiscoverBuf] enter WM_FOTA_DoIPClient::CreateVehicleDiscoverBuf
[2021/08/19 16:38:09 497] [FOTA#DoIP][D][WM_FOTA_DoIPClient.cpp:68:PrintSocketIPAndPort] sock = 37
[2021/08/19 16:38:09 498] [FOTA#DoIP][D][WM_FOTA_DoIPClient.cpp:81:PrintSocketIPAndPort] Source IP = 0.0.0.0, Port = 57238
[2021/08/19 16:38:09 498] [FOTA#DoIP][D][WM_FOTA_DoIPClient.cpp:87:PrintSocketIPAndPort] Get Target IP/Port error: Transport endpoint is not connected(errno: 107))
[2021/08/19 16:38:09 499] [FOTA#DoIP][D][WM_FOTA_DoIPClient.cpp:335:SendVehicleDiscover] Send VehicleDiscover OK SocketSendSize:8, iBufSize:8, m_udpClientSfd = 37
[2021/08/19 16:38:09 499] [FOTA#Upgrade][D][WM_FOTA_FlashECUIF.cpp:152:InitRoute] Request VehicleDiscover OK
[2021/08/19 16:38:10 007] [FOTA#DoIP][D][WM_FOTA_DoIPMessageRecvThread.cpp:869:Run] source ip is 172.16.0.1
[2021/08/19 16:38:10 007] [FOTA#DoIP][D][WM_FOTA_DoIPMessageRecvThread.cpp:870:Run] recevdata iRecvMessageLength=40
[2021/08/19 16:38:10 007] [FOTA#DoIP][D][WM_FOTA_DoIPMessageRecvThread.cpp:890:Run] ---(*itCallback)->RecVehicleDiscoverMsg(iRecvMessageLength)---
[2021/08/19 16:38:10 008] [FOTA#DoIP][D][WM_FOTA_DoIPCallback.cpp:144:RecVehicleDiscoverMsg] WM_FOTA_DoIPCallback::RecVehicleDiscoverMsg-->iRecvMessageLength=40
[2021/08/19 16:38:10 008] [FOTA#Upgrade][D][WM_FOTA_FlashECUIF.cpp:164:InitRoute] ---RequestVehicleActivation---
[2021/08/19 16:38:10 008] [FOTA#DoIP][D][WM_FOTA_DoIPClient.cpp:469:RequestRoutingActivation] CreateTcpSocket success [m_tcpClientSfd: 38]
[2021/08/19 16:38:10 012] [FOTA#DoIP][D][WM_FOTA_DoIPClient.cpp:479:RequestRoutingActivation] Connect GateWay success
[2021/08/19 16:38:10 012] [FOTA#DoIP][D][WM_FOTA_DoIPClient.cpp:68:PrintSocketIPAndPort] sock = 38
[2021/08/19 16:38:10 012] [FOTA#DoIP][D][WM_FOTA_DoIPClient.cpp:81:PrintSocketIPAndPort] Source IP = 172.16.2.35, Port = 43319
[2021/08/19 16:38:10 012] [FOTA#DoIP][D][WM_FOTA_DoIPClient.cpp:90:PrintSocketIPAndPort] Target IP = 172.16.0.1, Port = 13400
[2021/08/19 16:38:10 013] [FOTA#Upgrade][D][WM_FOTA_FlashECUIF.cpp:174:InitRoute] ---RequestVehicleActivationWaitResponse---
[2021/08/19 16:38:15 014] [FOTA#DoIP][D][WM_FOTA_DoIPMessageRecvThread.cpp:681:Run] m_udpSfd=37, m_tcpSfd=38, m_ethTcpSfd=0, maxfds=38
[2021/08/19 16:38:15 015] [FOTA#DoIP][D][WM_FOTA_DoIPMessageRecvThread.cpp:682:Run] DoIP select timeout
[2021/08/19 16:38:15 019] [FOTA#DoIP][D][WM_FOTA_DoIPMessageRecvThread.cpp:251:ResponseRoutingActivation] ResponseRoutingActivation Info, [externalLA: 23, entityLA: 1, responseCode: 10]
[2021/08/19 16:38:15 020] [FOTA#DoIP][D][WM_FOTA_DoIPMessageRecvThread.cpp:256:ResponseRoutingActivation] RoutingActivation Success
[2021/08/19 16:38:15 020] [FOTA#Upgrade][D][WM_FOTA_FlashECUIF.cpp:181:InitRoute] sleep 5s =====================================
[2021/08/19 16:38:15 020] [FOTA#DoIP][D][WM_FOTA_DoIPMessageRecvThread.cpp:527:HandleDoIPMessage] ###DOIP_PAYLOAD_TYPE_ROUTING_ACTIVATION_RESPONSE###
[2021/08/19 16:38:20 021] [FOTA#FotaManager][D][WM_FOTA_VehicleInfo.cpp:1043:MakeVehicleDeviceInfo] flashEcuInstance->Initialize success
[2021/08/19 16:38:20 024] [FOTA#FotaManager][D][WM_FOTA_VehicleInfo.cpp:809:GetEcuSystemInfo] ecu name:vcu
[2021/08/19 16:38:20 026] [FOTA#DoIP][D][WM_FOTA_DoIPMessageRecvThread.cpp:681:Run] m_udpSfd=37, m_tcpSfd=38, m_ethTcpSfd=0, maxfds=39
[2021/08/19 16:38:20 026] [FOTA#DoIP][D][WM_FOTA_DoIPMessageRecvThread.cpp:682:Run] DoIP select timeout
[2021/08/19 16:38:20 032] [FOTA#DoIP][D][WM_FOTA_DoIPClient.cpp:528:SendDiagnosticMessage] UDS Request, Length: 2
[2021/08/19 16:38:20 032] [FOTA#DoIP][D][WM_FOTA_DoIPClient.cpp:537:SendDiagnosticMessage] 10 01 
[2021/08/19 16:38:20 053] [FOTA#DoIP][D][WM_FOTA_DoIPMessageRecvThread.cpp:429:RecvDiagnosticMessage] Rcv sourceLA=0x0002, TargetLA=0x0023
[2021/08/19 16:38:20 053] [FOTA#DoIP][D][WM_FOTA_DoIPMessageRecvThread.cpp:439:RecvDiagnosticMessage] UDS Reply, Length: 6
[2021/08/19 16:38:20 053] [FOTA#DoIP][D][WM_FOTA_DoIPMessageRecvThread.cpp:448:RecvDiagnosticMessage] 50 01 00 32 01 F4 
[2021/08/19 16:38:20 062] [FOTA#DoIP][D][WM_FOTA_DoIPClient.cpp:528:SendDiagnosticMessage] UDS Request, Length: 3
[2021/08/19 16:38:20 062] [FOTA#DoIP][D][WM_FOTA_DoIPClient.cpp:537:SendDiagnosticMessage] 22 F1 8C 
[2021/08/19 16:38:20 113] [FOTA#DoIP][D][WM_FOTA_DoIPMessageRecvThread.cpp:429:RecvDiagnosticMessage] Rcv sourceLA=0x0002, TargetLA=0x0023
[2021/08/19 16:38:20 113] [FOTA#DoIP][D][WM_FOTA_DoIPMessageRecvThread.cpp:439:RecvDiagnosticMessage] UDS Reply, Length: 21
[2021/08/19 16:38:20 113] [FOTA#DoIP][D][WM_FOTA_DoIPMessageRecvThread.cpp:448:RecvDiagnosticMessage] 62 F1 8C 00 00 00 00 00 00 00 00 00 00 00 00 00 00 00 00 00 00 
[2021/08/19 16:38:20 114] [FOTA#FotaManager][D][WM_FOTA_VehicleInfo.cpp:822:GetEcuSystemInfo] ecu SN:
[2021/08/19 16:38:20 114] [FOTA#DoIP][D][WM_FOTA_DoIPClient.cpp:528:SendDiagnosticMessage] UDS Request, Length: 2
[2021/08/19 16:38:20 115] [FOTA#DoIP][D][WM_FOTA_DoIPClient.cpp:537:SendDiagnosticMessage] 10 01 
[2021/08/19 16:38:20 174] [FOTA#DoIP][D][WM_FOTA_DoIPMessageRecvThread.cpp:429:RecvDiagnosticMessage] Rcv sourceLA=0x0002, TargetLA=0x0023
[2021/08/19 16:38:20 174] [FOTA#DoIP][D][WM_FOTA_DoIPMessageRecvThread.cpp:439:RecvDiagnosticMessage] UDS Reply, Length: 6
[2021/08/19 16:38:20 174] [FOTA#DoIP][D][WM_FOTA_DoIPMessageRecvThread.cpp:448:RecvDiagnosticMessage] 50 01 00 32 01 F4 
[2021/08/19 16:38:20 176] [FOTA#DoIP][D][WM_FOTA_DoIPClient.cpp:528:SendDiagnosticMessage] UDS Request, Length: 3
[2021/08/19 16:38:20 181] [FOTA#DoIP][D][WM_FOTA_DoIPClient.cpp:537:SendDiagnosticMessage] 22 F1 91 
[2021/08/19 16:38:20 234] [FOTA#DoIP][D][WM_FOTA_DoIPMessageRecvThread.cpp:429:RecvDiagnosticMessage] Rcv sourceLA=0x0002, TargetLA=0x0023
[2021/08/19 16:38:20 234] [FOTA#DoIP][D][WM_FOTA_DoIPMessageRecvThread.cpp:439:RecvDiagnosticMessage] UDS Reply, Length: 13
[2021/08/19 16:38:20 234] [FOTA#DoIP][D][WM_FOTA_DoIPMessageRecvThread.cpp:448:RecvDiagnosticMessage] 62 F1 91 56 44 41 30 30 30 30 31 30 34 
[2021/08/19 16:38:20 235] [FOTA#FotaManager][D][WM_FOTA_VehicleInfo.cpp:829:GetEcuSystemInfo] ecu PN:VDA0000104
[2021/08/19 16:38:20 236] [FOTA#DoIP][D][WM_FOTA_DoIPClient.cpp:528:SendDiagnosticMessage] UDS Request, Length: 2
[2021/08/19 16:38:20 236] [FOTA#DoIP][D][WM_FOTA_DoIPClient.cpp:537:SendDiagnosticMessage] 10 01 
[2021/08/19 16:38:20 282] [FOTA#DoIP][D][WM_FOTA_DoIPMessageRecvThread.cpp:429:RecvDiagnosticMessage] Rcv sourceLA=0x0002, TargetLA=0x0023
[2021/08/19 16:38:20 282] [FOTA#DoIP][D][WM_FOTA_DoIPMessageRecvThread.cpp:439:RecvDiagnosticMessage] UDS Reply, Length: 6
[2021/08/19 16:38:20 282] [FOTA#DoIP][D][WM_FOTA_DoIPMessageRecvThread.cpp:448:RecvDiagnosticMessage] 50 01 00 32 01 F4 
[2021/08/19 16:38:20 283] [FOTA#DoIP][D][WM_FOTA_DoIPClient.cpp:528:SendDiagnosticMessage] UDS Request, Length: 3
[2021/08/19 16:38:20 284] [FOTA#DoIP][D][WM_FOTA_DoIPClient.cpp:537:SendDiagnosticMessage] 22 F1 88 
[2021/08/19 16:38:20 343] [FOTA#DoIP][D][WM_FOTA_DoIPMessageRecvThread.cpp:429:RecvDiagnosticMessage] Rcv sourceLA=0x0002, TargetLA=0x0023
[2021/08/19 16:38:20 343] [FOTA#DoIP][D][WM_FOTA_DoIPMessageRecvThread.cpp:439:RecvDiagnosticMessage] UDS Reply, Length: 13
[2021/08/19 16:38:20 343] [FOTA#DoIP][D][WM_FOTA_DoIPMessageRecvThread.cpp:448:RecvDiagnosticMessage] 62 F1 88 56 44 43 30 30 33 30 38 39 39 
[2021/08/19 16:38:20 344] [FOTA#FotaManager][D][WM_FOTA_VehicleInfo.cpp:898:GetEcuSystemInfo] ecu mcu version:VDC0030899
[2021/08/19 16:38:20 345] [FOTA#FotaManager][D][WM_FOTA_VehicleInfo.cpp:809:GetEcuSystemInfo] ecu name:bms
[2021/08/19 16:38:20 346] [FOTA#DoIP][D][WM_FOTA_DoIPClient.cpp:528:SendDiagnosticMessage] UDS Request, Length: 2
[2021/08/19 16:38:20 346] [FOTA#DoIP][D][WM_FOTA_DoIPClient.cpp:537:SendDiagnosticMessage] 10 01 
[2021/08/19 16:38:20 392] [FOTA#DoIP][D][WM_FOTA_DoIPMessageRecvThread.cpp:429:RecvDiagnosticMessage] Rcv sourceLA=0x0003, TargetLA=0x0023
[2021/08/19 16:38:20 392] [FOTA#DoIP][D][WM_FOTA_DoIPMessageRecvThread.cpp:439:RecvDiagnosticMessage] UDS Reply, Length: 6
[2021/08/19 16:38:20 392] [FOTA#DoIP][D][WM_FOTA_DoIPMessageRecvThread.cpp:448:RecvDiagnosticMessage] 50 01 00 32 01 F4 
[2021/08/19 16:38:20 393] [FOTA#DoIP][D][WM_FOTA_DoIPClient.cpp:528:SendDiagnosticMessage] UDS Request, Length: 3
[2021/08/19 16:38:20 394] [FOTA#DoIP][D][WM_FOTA_DoIPClient.cpp:537:SendDiagnosticMessage] 22 F1 8C 
[2021/08/19 16:38:20 452] [FOTA#DoIP][D][WM_FOTA_DoIPMessageRecvThread.cpp:429:RecvDiagnosticMessage] Rcv sourceLA=0x0003, TargetLA=0x0023
[2021/08/19 16:38:20 452] [FOTA#DoIP][D][WM_FOTA_DoIPMessageRecvThread.cpp:439:RecvDiagnosticMessage] UDS Reply, Length: 21
[2021/08/19 16:38:20 452] [FOTA#DoIP][D][WM_FOTA_DoIPMessageRecvThread.cpp:448:RecvDiagnosticMessage] 62 F1 8C 56 44 44 30 32 30 30 30 30 30 32 30 30 39 32 37 57 4D 
[2021/08/19 16:38:20 453] [FOTA#FotaManager][D][WM_FOTA_VehicleInfo.cpp:822:GetEcuSystemInfo] ecu SN:VDD0200000200927WM
[2021/08/19 16:38:20 453] [FOTA#DoIP][D][WM_FOTA_DoIPClient.cpp:528:SendDiagnosticMessage] UDS Request, Length: 2
[2021/08/19 16:38:20 453] [FOTA#DoIP][D][WM_FOTA_DoIPClient.cpp:537:SendDiagnosticMessage] 10 01 
[2021/08/19 16:38:20 508] [FOTA#DoIP][D][WM_FOTA_DoIPMessageRecvThread.cpp:429:RecvDiagnosticMessage] Rcv sourceLA=0x0003, TargetLA=0x0023
[2021/08/19 16:38:20 508] [FOTA#DoIP][D][WM_FOTA_DoIPMessageRecvThread.cpp:439:RecvDiagnosticMessage] UDS Reply, Length: 6
[2021/08/19 16:38:20 509] [FOTA#DoIP][D][WM_FOTA_DoIPMessageRecvThread.cpp:448:RecvDiagnosticMessage] 50 01 00 32 01 F4 
[2021/08/19 16:38:20 510] [FOTA#DoIP][D][WM_FOTA_DoIPClient.cpp:528:SendDiagnosticMessage] UDS Request, Length: 3
[2021/08/19 16:38:20 510] [FOTA#DoIP][D][WM_FOTA_DoIPClient.cpp:537:SendDiagnosticMessage] 22 F1 91 
[2021/08/19 16:38:20 573] [FOTA#DoIP][D][WM_FOTA_DoIPMessageRecvThread.cpp:429:RecvDiagnosticMessage] Rcv sourceLA=0x0003, TargetLA=0x0023
[2021/08/19 16:38:20 573] [FOTA#DoIP][D][WM_FOTA_DoIPMessageRecvThread.cpp:439:RecvDiagnosticMessage] UDS Reply, Length: 13
[2021/08/19 16:38:20 573] [FOTA#DoIP][D][WM_FOTA_DoIPMessageRecvThread.cpp:448:RecvDiagnosticMessage] 62 F1 91 56 44 44 30 30 38 35 38 30 32 
[2021/08/19 16:38:20 574] [FOTA#FotaManager][D][WM_FOTA_VehicleInfo.cpp:829:GetEcuSystemInfo] ecu PN:VDD0085802
[2021/08/19 16:38:20 575] [FOTA#DoIP][D][WM_FOTA_DoIPClient.cpp:528:SendDiagnosticMessage] UDS Request, Length: 2
[2021/08/19 16:38:20 575] [FOTA#DoIP][D][WM_FOTA_DoIPClient.cpp:537:SendDiagnosticMessage] 10 01 
[2021/08/19 16:38:20 625] [FOTA#DoIP][D][WM_FOTA_DoIPMessageRecvThread.cpp:429:RecvDiagnosticMessage] Rcv sourceLA=0x0003, TargetLA=0x0023
[2021/08/19 16:38:20 625] [FOTA#DoIP][D][WM_FOTA_DoIPMessageRecvThread.cpp:439:RecvDiagnosticMessage] UDS Reply, Length: 6
[2021/08/19 16:38:20 625] [FOTA#DoIP][D][WM_FOTA_DoIPMessageRecvThread.cpp:448:RecvDiagnosticMessage] 50 01 00 32 01 F4 
[2021/08/19 16:38:20 627] [FOTA#DoIP][D][WM_FOTA_DoIPClient.cpp:528:SendDiagnosticMessage] UDS Request, Length: 3
[2021/08/19 16:38:20 627] [FOTA#DoIP][D][WM_FOTA_DoIPClient.cpp:537:SendDiagnosticMessage] 22 F1 88 
[2021/08/19 16:38:20 675] [FOTA#DoIP][D][WM_FOTA_DoIPMessageRecvThread.cpp:429:RecvDiagnosticMessage] Rcv sourceLA=0x0003, TargetLA=0x0023
[2021/08/19 16:38:20 676] [FOTA#DoIP][D][WM_FOTA_DoIPMessageRecvThread.cpp:439:RecvDiagnosticMessage] UDS Reply, Length: 13
[2021/08/19 16:38:20 676] [FOTA#DoIP][D][WM_FOTA_DoIPMessageRecvThread.cpp:448:RecvDiagnosticMessage] 62 F1 88 56 44 44 30 32 30 30 31 30 30 
[2021/08/19 16:38:20 678] [FOTA#FotaManager][D][WM_FOTA_VehicleInfo.cpp:898:GetEcuSystemInfo] ecu mcu version:VDD0200100
[2021/08/19 16:38:20 678] [FOTA#FotaManager][D][WM_FOTA_VehicleInfo.cpp:809:GetEcuSystemInfo] ecu name:ac
[2021/08/19 16:38:20 679] [FOTA#DoIP][D][WM_FOTA_DoIPClient.cpp:528:SendDiagnosticMessage] UDS Request, Length: 2
[2021/08/19 16:38:20 679] [FOTA#DoIP][D][WM_FOTA_DoIPClient.cpp:537:SendDiagnosticMessage] 10 01 
[2021/08/19 16:38:20 726] [FOTA#DoIP][D][WM_FOTA_DoIPMessageRecvThread.cpp:429:RecvDiagnosticMessage] Rcv sourceLA=0x0006, TargetLA=0x0023
[2021/08/19 16:38:20 726] [FOTA#DoIP][D][WM_FOTA_DoIPMessageRecvThread.cpp:439:RecvDiagnosticMessage] UDS Reply, Length: 6
[2021/08/19 16:38:20 726] [FOTA#DoIP][D][WM_FOTA_DoIPMessageRecvThread.cpp:448:RecvDiagnosticMessage] 50 01 00 32 01 F4 
[2021/08/19 16:38:20 727] [FOTA#DoIP][D][WM_FOTA_DoIPClient.cpp:528:SendDiagnosticMessage] UDS Request, Length: 3
[2021/08/19 16:38:20 728] [FOTA#DoIP][D][WM_FOTA_DoIPClient.cpp:537:SendDiagnosticMessage] 22 F1 8C 
[2021/08/19 16:38:20 813] [FOTA#DoIP][D][WM_FOTA_DoIPMessageRecvThread.cpp:429:RecvDiagnosticMessage] Rcv sourceLA=0x0006, TargetLA=0x0023
[2021/08/19 16:38:20 813] [FOTA#DoIP][D][WM_FOTA_DoIPMessageRecvThread.cpp:439:RecvDiagnosticMessage] UDS Reply, Length: 21
[2021/08/19 16:38:20 813] [FOTA#DoIP][D][WM_FOTA_DoIPMessageRecvThread.cpp:448:RecvDiagnosticMessage] 62 F1 8C 56 44 47 30 30 31 35 34 30 32 30 30 30 30 32 30 57 4D 
[2021/08/19 16:38:20 814] [FOTA#FotaManager][D][WM_FOTA_VehicleInfo.cpp:822:GetEcuSystemInfo] ecu SN:VDG0015402000020WM
[2021/08/19 16:38:20 814] [FOTA#DoIP][D][WM_FOTA_DoIPClient.cpp:528:SendDiagnosticMessage] UDS Request, Length: 2
[2021/08/19 16:38:20 815] [FOTA#DoIP][D][WM_FOTA_DoIPClient.cpp:537:SendDiagnosticMessage] 10 01 
[2021/08/19 16:38:20 873] [FOTA#DoIP][D][WM_FOTA_DoIPMessageRecvThread.cpp:429:RecvDiagnosticMessage] Rcv sourceLA=0x0006, TargetLA=0x0023
[2021/08/19 16:38:20 873] [FOTA#DoIP][D][WM_FOTA_DoIPMessageRecvThread.cpp:439:RecvDiagnosticMessage] UDS Reply, Length: 6
[2021/08/19 16:38:20 873] [FOTA#DoIP][D][WM_FOTA_DoIPMessageRecvThread.cpp:448:RecvDiagnosticMessage] 50 01 00 32 01 F4 
[2021/08/19 16:38:20 875] [FOTA#DoIP][D][WM_FOTA_DoIPClient.cpp:528:SendDiagnosticMessage] UDS Request, Length: 3
[2021/08/19 16:38:20 876] [FOTA#DoIP][D][WM_FOTA_DoIPClient.cpp:537:SendDiagnosticMessage] 22 F1 91 
[2021/08/19 16:38:20 925] [FOTA#DoIP][D][WM_FOTA_DoIPMessageRecvThread.cpp:429:RecvDiagnosticMessage] Rcv sourceLA=0x0006, TargetLA=0x0023
[2021/08/19 16:38:20 925] [FOTA#DoIP][D][WM_FOTA_DoIPMessageRecvThread.cpp:439:RecvDiagnosticMessage] UDS Reply, Length: 13
[2021/08/19 16:38:20 925] [FOTA#DoIP][D][WM_FOTA_DoIPMessageRecvThread.cpp:448:RecvDiagnosticMessage] 62 F1 91 56 44 47 30 30 30 35 38 30 30 
[2021/08/19 16:38:20 926] [FOTA#FotaManager][D][WM_FOTA_VehicleInfo.cpp:829:GetEcuSystemInfo] ecu PN:VDG0005800
[2021/08/19 16:38:20 926] [FOTA#DoIP][D][WM_FOTA_DoIPClient.cpp:528:SendDiagnosticMessage] UDS Request, Length: 2
[2021/08/19 16:38:20 926] [FOTA#DoIP][D][WM_FOTA_DoIPClient.cpp:537:SendDiagnosticMessage] 10 01 
[2021/08/19 16:38:20 973] [FOTA#DoIP][D][WM_FOTA_DoIPMessageRecvThread.cpp:429:RecvDiagnosticMessage] Rcv sourceLA=0x0006, TargetLA=0x0023
[2021/08/19 16:38:20 973] [FOTA#DoIP][D][WM_FOTA_DoIPMessageRecvThread.cpp:439:RecvDiagnosticMessage] UDS Reply, Length: 6
[2021/08/19 16:38:20 973] [FOTA#DoIP][D][WM_FOTA_DoIPMessageRecvThread.cpp:448:RecvDiagnosticMessage] 50 01 00 32 01 F4 
[2021/08/19 16:38:20 975] [FOTA#DoIP][D][WM_FOTA_DoIPClient.cpp:528:SendDiagnosticMessage] UDS Request, Length: 3
[2021/08/19 16:38:20 975] [FOTA#DoIP][D][WM_FOTA_DoIPClient.cpp:537:SendDiagnosticMessage] 22 F1 88 
[2021/08/19 16:38:21 025] [FOTA#DoIP][D][WM_FOTA_DoIPMessageRecvThread.cpp:429:RecvDiagnosticMessage] Rcv sourceLA=0x0006, TargetLA=0x0023
[2021/08/19 16:38:21 025] [FOTA#DoIP][D][WM_FOTA_DoIPMessageRecvThread.cpp:439:RecvDiagnosticMessage] UDS Reply, Length: 13
[2021/08/19 16:38:21 025] [FOTA#DoIP][D][WM_FOTA_DoIPMessageRecvThread.cpp:448:RecvDiagnosticMessage] 62 F1 88 56 44 47 30 30 31 35 33 30 32 
[2021/08/19 16:38:21 026] [FOTA#FotaManager][D][WM_FOTA_VehicleInfo.cpp:898:GetEcuSystemInfo] ecu mcu version:VDG0015302
[2021/08/19 16:38:21 026] [FOTA#FotaManager][D][WM_FOTA_VehicleInfo.cpp:809:GetEcuSystemInfo] ecu name:accm
[2021/08/19 16:38:21 026] [FOTA#DoIP][D][WM_FOTA_DoIPClient.cpp:528:SendDiagnosticMessage] UDS Request, Length: 2
[2021/08/19 16:38:21 026] [FOTA#DoIP][D][WM_FOTA_DoIPClient.cpp:537:SendDiagnosticMessage] 10 01 
[2021/08/19 16:38:21 073] [FOTA#DoIP][D][WM_FOTA_DoIPMessageRecvThread.cpp:429:RecvDiagnosticMessage] Rcv sourceLA=0x0007, TargetLA=0x0023
[2021/08/19 16:38:21 073] [FOTA#DoIP][D][WM_FOTA_DoIPMessageRecvThread.cpp:439:RecvDiagnosticMessage] UDS Reply, Length: 6
[2021/08/19 16:38:21 073] [FOTA#DoIP][D][WM_FOTA_DoIPMessageRecvThread.cpp:448:RecvDiagnosticMessage] 50 01 00 32 01 F4 
[2021/08/19 16:38:21 075] [FOTA#DoIP][D][WM_FOTA_DoIPClient.cpp:528:SendDiagnosticMessage] UDS Request, Length: 3
[2021/08/19 16:38:21 075] [FOTA#DoIP][D][WM_FOTA_DoIPClient.cpp:537:SendDiagnosticMessage] 22 F1 8C 
[2021/08/19 16:38:21 125] [FOTA#DoIP][D][WM_FOTA_DoIPMessageRecvThread.cpp:429:RecvDiagnosticMessage] Rcv sourceLA=0x0007, TargetLA=0x0023
[2021/08/19 16:38:21 125] [FOTA#DoIP][D][WM_FOTA_DoIPMessageRecvThread.cpp:439:RecvDiagnosticMessage] UDS Reply, Length: 21
[2021/08/19 16:38:21 125] [FOTA#DoIP][D][WM_FOTA_DoIPMessageRecvThread.cpp:448:RecvDiagnosticMessage] 62 F1 8C 56 44 47 30 30 31 35 31 30 33 32 30 30 38 31 38 57 4D 
[2021/08/19 16:38:21 126] [FOTA#FotaManager][D][WM_FOTA_VehicleInfo.cpp:822:GetEcuSystemInfo] ecu SN:VDG0015103200818WM
[2021/08/19 16:38:21 126] [FOTA#DoIP][D][WM_FOTA_DoIPClient.cpp:528:SendDiagnosticMessage] UDS Request, Length: 2
[2021/08/19 16:38:21 126] [FOTA#DoIP][D][WM_FOTA_DoIPClient.cpp:537:SendDiagnosticMessage] 10 01 
[2021/08/19 16:38:21 172] [FOTA#DoIP][D][WM_FOTA_DoIPMessageRecvThread.cpp:429:RecvDiagnosticMessage] Rcv sourceLA=0x0007, TargetLA=0x0023
[2021/08/19 16:38:21 172] [FOTA#DoIP][D][WM_FOTA_DoIPMessageRecvThread.cpp:439:RecvDiagnosticMessage] UDS Reply, Length: 6
[2021/08/19 16:38:21 172] [FOTA#DoIP][D][WM_FOTA_DoIPMessageRecvThread.cpp:448:RecvDiagnosticMessage] 50 01 00 32 01 F4 
[2021/08/19 16:38:21 174] [FOTA#DoIP][D][WM_FOTA_DoIPClient.cpp:528:SendDiagnosticMessage] UDS Request, Length: 3
[2021/08/19 16:38:21 175] [FOTA#DoIP][D][WM_FOTA_DoIPClient.cpp:537:SendDiagnosticMessage] 22 F1 91 
[2021/08/19 16:38:21 222] [FOTA#DoIP][D][WM_FOTA_DoIPMessageRecvThread.cpp:429:RecvDiagnosticMessage] Rcv sourceLA=0x0007, TargetLA=0x0023
[2021/08/19 16:38:21 222] [FOTA#DoIP][D][WM_FOTA_DoIPMessageRecvThread.cpp:439:RecvDiagnosticMessage] UDS Reply, Length: 13
[2021/08/19 16:38:21 222] [FOTA#DoIP][D][WM_FOTA_DoIPMessageRecvThread.cpp:448:RecvDiagnosticMessage] 62 F1 91 56 44 47 30 30 30 35 31 30 34 
[2021/08/19 16:38:21 223] [FOTA#FotaManager][D][WM_FOTA_VehicleInfo.cpp:829:GetEcuSystemInfo] ecu PN:VDG0005104
[2021/08/19 16:38:21 224] [FOTA#DoIP][D][WM_FOTA_DoIPClient.cpp:528:SendDiagnosticMessage] UDS Request, Length: 2
[2021/08/19 16:38:21 224] [FOTA#DoIP][D][WM_FOTA_DoIPClient.cpp:537:SendDiagnosticMessage] 10 01 
[2021/08/19 16:38:21 273] [FOTA#DoIP][D][WM_FOTA_DoIPMessageRecvThread.cpp:429:RecvDiagnosticMessage] Rcv sourceLA=0x0007, TargetLA=0x0023
[2021/08/19 16:38:21 273] [FOTA#DoIP][D][WM_FOTA_DoIPMessageRecvThread.cpp:439:RecvDiagnosticMessage] UDS Reply, Length: 6
[2021/08/19 16:38:21 273] [FOTA#DoIP][D][WM_FOTA_DoIPMessageRecvThread.cpp:448:RecvDiagnosticMessage] 50 01 00 32 01 F4 
[2021/08/19 16:38:21 275] [FOTA#DoIP][D][WM_FOTA_DoIPClient.cpp:528:SendDiagnosticMessage] UDS Request, Length: 3
[2021/08/19 16:38:21 275] [FOTA#DoIP][D][WM_FOTA_DoIPClient.cpp:537:SendDiagnosticMessage] 22 F1 88 
[2021/08/19 16:38:21 326] [FOTA#DoIP][D][WM_FOTA_DoIPMessageRecvThread.cpp:429:RecvDiagnosticMessage] Rcv sourceLA=0x0007, TargetLA=0x0023
[2021/08/19 16:38:21 326] [FOTA#DoIP][D][WM_FOTA_DoIPMessageRecvThread.cpp:439:RecvDiagnosticMessage] UDS Reply, Length: 13
[2021/08/19 16:38:21 326] [FOTA#DoIP][D][WM_FOTA_DoIPMessageRecvThread.cpp:448:RecvDiagnosticMessage] 62 F1 88 56 44 47 30 30 31 34 35 30 32 
[2021/08/19 16:38:21 327] [FOTA#FotaManager][D][WM_FOTA_VehicleInfo.cpp:898:GetEcuSystemInfo] ecu mcu version:VDG0014502
[2021/08/19 16:38:21 327] [FOTA#FotaManager][D][WM_FOTA_VehicleInfo.cpp:809:GetEcuSystemInfo] ecu name:egsm
[2021/08/19 16:38:21 327] [FOTA#DoIP][D][WM_FOTA_DoIPClient.cpp:528:SendDiagnosticMessage] UDS Request, Length: 2
[2021/08/19 16:38:21 328] [FOTA#DoIP][D][WM_FOTA_DoIPClient.cpp:537:SendDiagnosticMessage] 10 01 
[2021/08/19 16:38:21 382] [FOTA#DoIP][D][WM_FOTA_DoIPMessageRecvThread.cpp:429:RecvDiagnosticMessage] Rcv sourceLA=0x0008, TargetLA=0x0023
[2021/08/19 16:38:21 382] [FOTA#DoIP][D][WM_FOTA_DoIPMessageRecvThread.cpp:439:RecvDiagnosticMessage] UDS Reply, Length: 6
[2021/08/19 16:38:21 382] [FOTA#DoIP][D][WM_FOTA_DoIPMessageRecvThread.cpp:448:RecvDiagnosticMessage] 50 01 00 32 01 F4 
[2021/08/19 16:38:21 384] [FOTA#DoIP][D][WM_FOTA_DoIPClient.cpp:528:SendDiagnosticMessage] UDS Request, Length: 3
[2021/08/19 16:38:21 385] [FOTA#DoIP][D][WM_FOTA_DoIPClient.cpp:537:SendDiagnosticMessage] 22 F1 8C 
[2021/08/19 16:38:21 428] [FOTA#DoIP][D][WM_FOTA_DoIPMessageRecvThread.cpp:429:RecvDiagnosticMessage] Rcv sourceLA=0x0008, TargetLA=0x0023
[2021/08/19 16:38:21 428] [FOTA#DoIP][D][WM_FOTA_DoIPMessageRecvThread.cpp:439:RecvDiagnosticMessage] UDS Reply, Length: 21
[2021/08/19 16:38:21 428] [FOTA#DoIP][D][WM_FOTA_DoIPMessageRecvThread.cpp:448:RecvDiagnosticMessage] 62 F1 8C 56 45 36 30 30 31 35 38 30 30 32 30 30 34 31 35 57 4D 
[2021/08/19 16:38:21 428] [FOTA#FotaManager][D][WM_FOTA_VehicleInfo.cpp:822:GetEcuSystemInfo] ecu SN:VE60015800200415WM
[2021/08/19 16:38:21 429] [FOTA#DoIP][D][WM_FOTA_DoIPClient.cpp:528:SendDiagnosticMessage] UDS Request, Length: 2
[2021/08/19 16:38:21 429] [FOTA#DoIP][D][WM_FOTA_DoIPClient.cpp:537:SendDiagnosticMessage] 10 01 
[2021/08/19 16:38:21 481] [FOTA#DoIP][D][WM_FOTA_DoIPMessageRecvThread.cpp:429:RecvDiagnosticMessage] Rcv sourceLA=0x0008, TargetLA=0x0023
[2021/08/19 16:38:21 482] [FOTA#DoIP][D][WM_FOTA_DoIPMessageRecvThread.cpp:439:RecvDiagnosticMessage] UDS Reply, Length: 6
[2021/08/19 16:38:21 482] [FOTA#DoIP][D][WM_FOTA_DoIPMessageRecvThread.cpp:448:RecvDiagnosticMessage] 50 01 00 32 01 F4 
[2021/08/19 16:38:21 483] [FOTA#DoIP][D][WM_FOTA_DoIPClient.cpp:528:SendDiagnosticMessage] UDS Request, Length: 3
[2021/08/19 16:38:21 483] [FOTA#DoIP][D][WM_FOTA_DoIPClient.cpp:537:SendDiagnosticMessage] 22 F1 91 
[2021/08/19 16:38:21 528] [FOTA#DoIP][D][WM_FOTA_DoIPMessageRecvThread.cpp:429:RecvDiagnosticMessage] Rcv sourceLA=0x0008, TargetLA=0x0023
[2021/08/19 16:38:21 528] [FOTA#DoIP][D][WM_FOTA_DoIPMessageRecvThread.cpp:439:RecvDiagnosticMessage] UDS Reply, Length: 13
[2021/08/19 16:38:21 528] [FOTA#DoIP][D][WM_FOTA_DoIPMessageRecvThread.cpp:448:RecvDiagnosticMessage] 62 F1 91 56 45 36 30 30 31 33 38 30 35 
[2021/08/19 16:38:21 529] [FOTA#FotaManager][D][WM_FOTA_VehicleInfo.cpp:829:GetEcuSystemInfo] ecu PN:VE60013805
[2021/08/19 16:38:21 529] [FOTA#DoIP][D][WM_FOTA_DoIPClient.cpp:528:SendDiagnosticMessage] UDS Request, Length: 2
[2021/08/19 16:38:21 529] [FOTA#DoIP][D][WM_FOTA_DoIPClient.cpp:537:SendDiagnosticMessage] 10 01 
[2021/08/19 16:38:21 582] [FOTA#DoIP][D][WM_FOTA_DoIPMessageRecvThread.cpp:429:RecvDiagnosticMessage] Rcv sourceLA=0x0008, TargetLA=0x0023
[2021/08/19 16:38:21 582] [FOTA#DoIP][D][WM_FOTA_DoIPMessageRecvThread.cpp:439:RecvDiagnosticMessage] UDS Reply, Length: 6
[2021/08/19 16:38:21 582] [FOTA#DoIP][D][WM_FOTA_DoIPMessageRecvThread.cpp:448:RecvDiagnosticMessage] 50 01 00 32 01 F4 
[2021/08/19 16:38:21 583] [FOTA#DoIP][D][WM_FOTA_DoIPClient.cpp:528:SendDiagnosticMessage] UDS Request, Length: 3
[2021/08/19 16:38:21 583] [FOTA#DoIP][D][WM_FOTA_DoIPClient.cpp:537:SendDiagnosticMessage] 22 F1 88 
[2021/08/19 16:38:21 625] [FOTA#DoIP][D][WM_FOTA_DoIPMessageRecvThread.cpp:429:RecvDiagnosticMessage] Rcv sourceLA=0x0008, TargetLA=0x0023
[2021/08/19 16:38:21 626] [FOTA#DoIP][D][WM_FOTA_DoIPMessageRecvThread.cpp:439:RecvDiagnosticMessage] UDS Reply, Length: 13
[2021/08/19 16:38:21 626] [FOTA#DoIP][D][WM_FOTA_DoIPMessageRecvThread.cpp:448:RecvDiagnosticMessage] 62 F1 88 56 45 36 30 30 32 32 32 30 31 
[2021/08/19 16:38:21 626] [FOTA#FotaManager][D][WM_FOTA_VehicleInfo.cpp:898:GetEcuSystemInfo] ecu mcu version:VE60022201
[2021/08/19 16:38:21 626] [FOTA#FotaManager][D][WM_FOTA_VehicleInfo.cpp:809:GetEcuSystemInfo] ecu name:ccu
[2021/08/19 16:38:21 627] [FOTA#DoIP][D][WM_FOTA_DoIPClient.cpp:528:SendDiagnosticMessage] UDS Request, Length: 2
[2021/08/19 16:38:21 627] [FOTA#DoIP][D][WM_FOTA_DoIPClient.cpp:537:SendDiagnosticMessage] 10 01 
[2021/08/19 16:38:21 672] [FOTA#DoIP][D][WM_FOTA_DoIPMessageRecvThread.cpp:429:RecvDiagnosticMessage] Rcv sourceLA=0x000D, TargetLA=0x0023
[2021/08/19 16:38:21 672] [FOTA#DoIP][D][WM_FOTA_DoIPMessageRecvThread.cpp:439:RecvDiagnosticMessage] UDS Reply, Length: 6
[2021/08/19 16:38:21 672] [FOTA#DoIP][D][WM_FOTA_DoIPMessageRecvThread.cpp:448:RecvDiagnosticMessage] 50 01 00 32 01 F4 
[2021/08/19 16:38:21 673] [FOTA#DoIP][D][WM_FOTA_DoIPClient.cpp:528:SendDiagnosticMessage] UDS Request, Length: 3
[2021/08/19 16:38:21 673] [FOTA#DoIP][D][WM_FOTA_DoIPClient.cpp:537:SendDiagnosticMessage] 22 F1 8C 
[2021/08/19 16:38:21 729] [FOTA#DoIP][D][WM_FOTA_DoIPMessageRecvThread.cpp:429:RecvDiagnosticMessage] Rcv sourceLA=0x000D, TargetLA=0x0023
[2021/08/19 16:38:21 729] [FOTA#DoIP][D][WM_FOTA_DoIPMessageRecvThread.cpp:439:RecvDiagnosticMessage] UDS Reply, Length: 21
[2021/08/19 16:38:21 729] [FOTA#DoIP][D][WM_FOTA_DoIPMessageRecvThread.cpp:448:RecvDiagnosticMessage] 62 F1 8C 00 00 00 00 00 00 00 00 00 00 00 00 00 00 00 00 00 00 
[2021/08/19 16:38:21 730] [FOTA#FotaManager][D][WM_FOTA_VehicleInfo.cpp:822:GetEcuSystemInfo] ecu SN:
[2021/08/19 16:38:21 730] [FOTA#DoIP][D][WM_FOTA_DoIPClient.cpp:528:SendDiagnosticMessage] UDS Request, Length: 2
[2021/08/19 16:38:21 731] [FOTA#DoIP][D][WM_FOTA_DoIPClient.cpp:537:SendDiagnosticMessage] 10 01 
[2021/08/19 16:38:21 782] [FOTA#DoIP][D][WM_FOTA_DoIPMessageRecvThread.cpp:429:RecvDiagnosticMessage] Rcv sourceLA=0x000D, TargetLA=0x0023
[2021/08/19 16:38:21 782] [FOTA#DoIP][D][WM_FOTA_DoIPMessageRecvThread.cpp:439:RecvDiagnosticMessage] UDS Reply, Length: 6
[2021/08/19 16:38:21 782] [FOTA#DoIP][D][WM_FOTA_DoIPMessageRecvThread.cpp:448:RecvDiagnosticMessage] 50 01 00 32 01 F4 
[2021/08/19 16:38:21 784] [FOTA#DoIP][D][WM_FOTA_DoIPClient.cpp:528:SendDiagnosticMessage] UDS Request, Length: 3
[2021/08/19 16:38:21 784] [FOTA#DoIP][D][WM_FOTA_DoIPClient.cpp:537:SendDiagnosticMessage] 22 F1 91 
[2021/08/19 16:38:21 828] [FOTA#DoIP][D][WM_FOTA_DoIPMessageRecvThread.cpp:429:RecvDiagnosticMessage] Rcv sourceLA=0x000D, TargetLA=0x0023
[2021/08/19 16:38:21 828] [FOTA#DoIP][D][WM_FOTA_DoIPMessageRecvThread.cpp:439:RecvDiagnosticMessage] UDS Reply, Length: 13
[2021/08/19 16:38:21 828] [FOTA#DoIP][D][WM_FOTA_DoIPMessageRecvThread.cpp:448:RecvDiagnosticMessage] 62 F1 91 56 44 43 30 30 32 39 30 30 30 
[2021/08/19 16:38:21 829] [FOTA#FotaManager][D][WM_FOTA_VehicleInfo.cpp:829:GetEcuSystemInfo] ecu PN:VDC0029000
[2021/08/19 16:38:21 830] [FOTA#DoIP][D][WM_FOTA_DoIPClient.cpp:528:SendDiagnosticMessage] UDS Request, Length: 2
[2021/08/19 16:38:21 830] [FOTA#DoIP][D][WM_FOTA_DoIPClient.cpp:537:SendDiagnosticMessage] 10 01 
[2021/08/19 16:38:21 883] [FOTA#DoIP][D][WM_FOTA_DoIPMessageRecvThread.cpp:429:RecvDiagnosticMessage] Rcv sourceLA=0x000D, TargetLA=0x0023
[2021/08/19 16:38:21 883] [FOTA#DoIP][D][WM_FOTA_DoIPMessageRecvThread.cpp:439:RecvDiagnosticMessage] UDS Reply, Length: 6
[2021/08/19 16:38:21 883] [FOTA#DoIP][D][WM_FOTA_DoIPMessageRecvThread.cpp:448:RecvDiagnosticMessage] 50 01 00 32 01 F4 
[2021/08/19 16:38:21 885] [FOTA#DoIP][D][WM_FOTA_DoIPClient.cpp:528:SendDiagnosticMessage] UDS Request, Length: 3
[2021/08/19 16:38:21 885] [FOTA#DoIP][D][WM_FOTA_DoIPClient.cpp:537:SendDiagnosticMessage] 22 F1 88 
[2021/08/19 16:38:21 929] [FOTA#DoIP][D][WM_FOTA_DoIPMessageRecvThread.cpp:429:RecvDiagnosticMessage] Rcv sourceLA=0x000D, TargetLA=0x0023
[2021/08/19 16:38:21 929] [FOTA#DoIP][D][WM_FOTA_DoIPMessageRecvThread.cpp:439:RecvDiagnosticMessage] UDS Reply, Length: 13
[2021/08/19 16:38:21 929] [FOTA#DoIP][D][WM_FOTA_DoIPMessageRecvThread.cpp:448:RecvDiagnosticMessage] 62 F1 88 56 44 43 30 30 31 37 39 30 30 
[2021/08/19 16:38:21 929] [FOTA#FotaManager][D][WM_FOTA_VehicleInfo.cpp:898:GetEcuSystemInfo] ecu mcu version:VDC0017900
[2021/08/19 16:38:21 930] [FOTA#FotaManager][D][WM_FOTA_VehicleInfo.cpp:809:GetEcuSystemInfo] ecu name:epk
[2021/08/19 16:38:21 930] [FOTA#DoIP][D][WM_FOTA_DoIPClient.cpp:528:SendDiagnosticMessage] UDS Request, Length: 2
[2021/08/19 16:38:21 930] [FOTA#DoIP][D][WM_FOTA_DoIPClient.cpp:537:SendDiagnosticMessage] 10 01 
[2021/08/19 16:38:24 935] [FOTA#Upgrade][E][WM_FOTA_ECUVersion.cpp:93:ReadEcuSN] DefaultSession_Start response error
[2021/08/19 16:38:24 936] [FOTA#DoIP][D][WM_FOTA_DoIPClient.cpp:528:SendDiagnosticMessage] UDS Request, Length: 2
[2021/08/19 16:38:24 936] [FOTA#DoIP][D][WM_FOTA_DoIPClient.cpp:537:SendDiagnosticMessage] 10 01 
[2021/08/19 16:38:27 937] [FOTA#Upgrade][E][WM_FOTA_ECUVersion.cpp:93:ReadEcuSN] DefaultSession_Start response error
[2021/08/19 16:38:27 938] [FOTA#DoIP][D][WM_FOTA_DoIPClient.cpp:528:SendDiagnosticMessage] UDS Request, Length: 2
[2021/08/19 16:38:27 938] [FOTA#DoIP][D][WM_FOTA_DoIPClient.cpp:537:SendDiagnosticMessage] 10 01 
[2021/08/19 16:38:30 939] [FOTA#Upgrade][E][WM_FOTA_ECUVersion.cpp:93:ReadEcuSN] DefaultSession_Start response error
[2021/08/19 16:38:30 940] [FOTA#FotaManager][D][WM_FOTA_VehicleInfo.cpp:822:GetEcuSystemInfo] ecu SN:
[2021/08/19 16:38:30 940] [FOTA#DoIP][D][WM_FOTA_DoIPClient.cpp:528:SendDiagnosticMessage] UDS Request, Length: 2
[2021/08/19 16:38:30 940] [FOTA#DoIP][D][WM_FOTA_DoIPClient.cpp:537:SendDiagnosticMessage] 10 01 
[2021/08/19 16:38:33 941] [FOTA#Upgrade][E][WM_FOTA_ECUVersion.cpp:118:ReadEcuPN] DefaultSession_Start response error
[2021/08/19 16:38:33 941] [FOTA#DoIP][D][WM_FOTA_DoIPClient.cpp:528:SendDiagnosticMessage] UDS Request, Length: 2
[2021/08/19 16:38:33 941] [FOTA#DoIP][D][WM_FOTA_DoIPClient.cpp:537:SendDiagnosticMessage] 10 01 
[2021/08/19 16:38:36 942] [FOTA#Upgrade][E][WM_FOTA_ECUVersion.cpp:118:ReadEcuPN] DefaultSession_Start response error
[2021/08/19 16:38:36 943] [FOTA#DoIP][D][WM_FOTA_DoIPClient.cpp:528:SendDiagnosticMessage] UDS Request, Length: 2
[2021/08/19 16:38:36 943] [FOTA#DoIP][D][WM_FOTA_DoIPClient.cpp:537:SendDiagnosticMessage] 10 01 
[2021/08/19 16:38:39 944] [FOTA#Upgrade][E][WM_FOTA_ECUVersion.cpp:118:ReadEcuPN] DefaultSession_Start response error
[2021/08/19 16:38:39 944] [FOTA#FotaManager][D][WM_FOTA_VehicleInfo.cpp:829:GetEcuSystemInfo] ecu PN:
[2021/08/19 16:38:39 945] [FOTA#DoIP][D][WM_FOTA_DoIPClient.cpp:528:SendDiagnosticMessage] UDS Request, Length: 2
[2021/08/19 16:38:39 945] [FOTA#DoIP][D][WM_FOTA_DoIPClient.cpp:537:SendDiagnosticMessage] 10 01 
[2021/08/19 16:38:42 945] [FOTA#Upgrade][E][WM_FOTA_ECUVersion.cpp:43:ReadEcuMcuVersion] DefaultSession_Start response error
[2021/08/19 16:38:42 946] [FOTA#DoIP][D][WM_FOTA_DoIPClient.cpp:528:SendDiagnosticMessage] UDS Request, Length: 2
[2021/08/19 16:38:42 946] [FOTA#DoIP][D][WM_FOTA_DoIPClient.cpp:537:SendDiagnosticMessage] 10 01 
[2021/08/19 16:38:45 947] [FOTA#Upgrade][E][WM_FOTA_ECUVersion.cpp:43:ReadEcuMcuVersion] DefaultSession_Start response error
[2021/08/19 16:38:45 948] [FOTA#DoIP][D][WM_FOTA_DoIPClient.cpp:528:SendDiagnosticMessage] UDS Request, Length: 2
[2021/08/19 16:38:45 948] [FOTA#DoIP][D][WM_FOTA_DoIPClient.cpp:537:SendDiagnosticMessage] 10 01 
[2021/08/19 16:38:48 948] [FOTA#Upgrade][E][WM_FOTA_ECUVersion.cpp:43:ReadEcuMcuVersion] DefaultSession_Start response error
[2021/08/19 16:38:48 948] [FOTA#FotaManager][D][WM_FOTA_VehicleInfo.cpp:898:GetEcuSystemInfo] ecu mcu version:
[2021/08/19 16:38:48 948] [FOTA#FotaManager][D][WM_FOTA_VehicleInfo.cpp:809:GetEcuSystemInfo] ecu name:inv
[2021/08/19 16:38:48 949] [FOTA#DoIP][D][WM_FOTA_DoIPClient.cpp:528:SendDiagnosticMessage] UDS Request, Length: 2
[2021/08/19 16:38:48 949] [FOTA#DoIP][D][WM_FOTA_DoIPClient.cpp:537:SendDiagnosticMessage] 10 01 
[2021/08/19 16:38:48 973] [FOTA#DoIP][D][WM_FOTA_DoIPMessageRecvThread.cpp:429:RecvDiagnosticMessage] Rcv sourceLA=0x0010, TargetLA=0x0023
[2021/08/19 16:38:48 973] [FOTA#DoIP][D][WM_FOTA_DoIPMessageRecvThread.cpp:439:RecvDiagnosticMessage] UDS Reply, Length: 6
[2021/08/19 16:38:48 973] [FOTA#DoIP][D][WM_FOTA_DoIPMessageRecvThread.cpp:448:RecvDiagnosticMessage] 50 01 00 32 01 F4 
[2021/08/19 16:38:48 975] [FOTA#DoIP][D][WM_FOTA_DoIPClient.cpp:528:SendDiagnosticMessage] UDS Request, Length: 3
[2021/08/19 16:38:48 975] [FOTA#DoIP][D][WM_FOTA_DoIPClient.cpp:537:SendDiagnosticMessage] 22 F1 8C 
[2021/08/19 16:38:49 023] [FOTA#DoIP][D][WM_FOTA_DoIPMessageRecvThread.cpp:429:RecvDiagnosticMessage] Rcv sourceLA=0x0010, TargetLA=0x0023
[2021/08/19 16:38:49 023] [FOTA#DoIP][D][WM_FOTA_DoIPMessageRecvThread.cpp:439:RecvDiagnosticMessage] UDS Reply, Length: 21
[2021/08/19 16:38:49 023] [FOTA#DoIP][D][WM_FOTA_DoIPMessageRecvThread.cpp:448:RecvDiagnosticMessage] 62 F1 8C 00 00 FF AA 97 00 00 00 AA AA 7C B8 01 70 A8 00 A8 00 
[2021/08/19 16:38:49 024] [FOTA#FotaManager][D][WM_FOTA_VehicleInfo.cpp:822:GetEcuSystemInfo] ecu SN:
[2021/08/19 16:38:49 025] [FOTA#DoIP][D][WM_FOTA_DoIPClient.cpp:528:SendDiagnosticMessage] UDS Request, Length: 2
[2021/08/19 16:38:49 025] [FOTA#DoIP][D][WM_FOTA_DoIPClient.cpp:537:SendDiagnosticMessage] 10 01 
[2021/08/19 16:38:49 071] [FOTA#DoIP][D][WM_FOTA_DoIPMessageRecvThread.cpp:429:RecvDiagnosticMessage] Rcv sourceLA=0x0010, TargetLA=0x0023
[2021/08/19 16:38:49 071] [FOTA#DoIP][D][WM_FOTA_DoIPMessageRecvThread.cpp:439:RecvDiagnosticMessage] UDS Reply, Length: 6
[2021/08/19 16:38:49 072] [FOTA#DoIP][D][WM_FOTA_DoIPMessageRecvThread.cpp:448:RecvDiagnosticMessage] 50 01 00 32 01 F4 
[2021/08/19 16:38:49 074] [FOTA#DoIP][D][WM_FOTA_DoIPClient.cpp:528:SendDiagnosticMessage] UDS Request, Length: 3
[2021/08/19 16:38:49 074] [FOTA#DoIP][D][WM_FOTA_DoIPClient.cpp:537:SendDiagnosticMessage] 22 F1 91 
[2021/08/19 16:38:49 122] [FOTA#DoIP][D][WM_FOTA_DoIPMessageRecvThread.cpp:429:RecvDiagnosticMessage] Rcv sourceLA=0x0010, TargetLA=0x0023
[2021/08/19 16:38:49 123] [FOTA#DoIP][D][WM_FOTA_DoIPMessageRecvThread.cpp:439:RecvDiagnosticMessage] UDS Reply, Length: 13
[2021/08/19 16:38:49 123] [FOTA#DoIP][D][WM_FOTA_DoIPMessageRecvThread.cpp:448:RecvDiagnosticMessage] 62 F1 91 00 00 FF AA 97 00 00 00 AA AA 
[2021/08/19 16:38:49 124] [FOTA#FotaManager][D][WM_FOTA_VehicleInfo.cpp:829:GetEcuSystemInfo] ecu PN:
[2021/08/19 16:38:49 124] [FOTA#DoIP][D][WM_FOTA_DoIPClient.cpp:528:SendDiagnosticMessage] UDS Request, Length: 2
[2021/08/19 16:38:49 124] [FOTA#DoIP][D][WM_FOTA_DoIPClient.cpp:537:SendDiagnosticMessage] 10 01 
[2021/08/19 16:38:49 173] [FOTA#DoIP][D][WM_FOTA_DoIPMessageRecvThread.cpp:429:RecvDiagnosticMessage] Rcv sourceLA=0x0010, TargetLA=0x0023
[2021/08/19 16:38:49 173] [FOTA#DoIP][D][WM_FOTA_DoIPMessageRecvThread.cpp:439:RecvDiagnosticMessage] UDS Reply, Length: 6
[2021/08/19 16:38:49 173] [FOTA#DoIP][D][WM_FOTA_DoIPMessageRecvThread.cpp:448:RecvDiagnosticMessage] 50 01 00 32 01 F4 
[2021/08/19 16:38:49 175] [FOTA#DoIP][D][WM_FOTA_DoIPClient.cpp:528:SendDiagnosticMessage] UDS Request, Length: 3
[2021/08/19 16:38:49 175] [FOTA#DoIP][D][WM_FOTA_DoIPClient.cpp:537:SendDiagnosticMessage] 22 F1 88 
[2021/08/19 16:38:49 223] [FOTA#DoIP][D][WM_FOTA_DoIPMessageRecvThread.cpp:429:RecvDiagnosticMessage] Rcv sourceLA=0x0010, TargetLA=0x0023
[2021/08/19 16:38:49 223] [FOTA#DoIP][D][WM_FOTA_DoIPMessageRecvThread.cpp:439:RecvDiagnosticMessage] UDS Reply, Length: 13
[2021/08/19 16:38:49 224] [FOTA#DoIP][D][WM_FOTA_DoIPMessageRecvThread.cpp:448:RecvDiagnosticMessage] 62 F1 88 00 00 FF AA 97 00 00 00 AA AA 
[2021/08/19 16:38:49 224] [FOTA#FotaManager][D][WM_FOTA_VehicleInfo.cpp:898:GetEcuSystemInfo] ecu mcu version:
[2021/08/19 16:38:49 224] [FOTA#FotaManager][D][WM_FOTA_VehicleInfo.cpp:809:GetEcuSystemInfo] ecu name:igw
[2021/08/19 16:38:49 225] [FOTA#DoIP][D][WM_FOTA_DoIPClient.cpp:528:SendDiagnosticMessage] UDS Request, Length: 2
[2021/08/19 16:38:49 225] [FOTA#DoIP][D][WM_FOTA_DoIPClient.cpp:537:SendDiagnosticMessage] 10 01 
[2021/08/19 16:38:49 282] [FOTA#DoIP][D][WM_FOTA_DoIPMessageRecvThread.cpp:429:RecvDiagnosticMessage] Rcv sourceLA=0x0001, TargetLA=0x0023
[2021/08/19 16:38:49 283] [FOTA#DoIP][D][WM_FOTA_DoIPMessageRecvThread.cpp:439:RecvDiagnosticMessage] UDS Reply, Length: 6
[2021/08/19 16:38:49 283] [FOTA#DoIP][D][WM_FOTA_DoIPMessageRecvThread.cpp:448:RecvDiagnosticMessage] 50 01 00 32 01 F4 
[2021/08/19 16:38:49 284] [FOTA#DoIP][D][WM_FOTA_DoIPClient.cpp:528:SendDiagnosticMessage] UDS Request, Length: 3
[2021/08/19 16:38:49 285] [FOTA#DoIP][D][WM_FOTA_DoIPClient.cpp:537:SendDiagnosticMessage] 22 F1 8C 
[2021/08/19 16:38:49 345] [FOTA#DoIP][D][WM_FOTA_DoIPMessageRecvThread.cpp:429:RecvDiagnosticMessage] Rcv sourceLA=0x0001, TargetLA=0x0023
[2021/08/19 16:38:49 345] [FOTA#DoIP][D][WM_FOTA_DoIPMessageRecvThread.cpp:439:RecvDiagnosticMessage] UDS Reply, Length: 21
[2021/08/19 16:38:49 346] [FOTA#DoIP][D][WM_FOTA_DoIPMessageRecvThread.cpp:448:RecvDiagnosticMessage] 62 F1 8C 30 30 30 30 30 30 30 30 30 30 5F 4C 30 30 30 30 30 30 
[2021/08/19 16:38:49 346] [FOTA#FotaManager][D][WM_FOTA_VehicleInfo.cpp:822:GetEcuSystemInfo] ecu SN:0000000000_L000000
[2021/08/19 16:38:49 347] [FOTA#DoIP][D][WM_FOTA_DoIPClient.cpp:528:SendDiagnosticMessage] UDS Request, Length: 2
[2021/08/19 16:38:49 347] [FOTA#DoIP][D][WM_FOTA_DoIPClient.cpp:537:SendDiagnosticMessage] 10 01 
[2021/08/19 16:38:49 394] [FOTA#DoIP][D][WM_FOTA_DoIPMessageRecvThread.cpp:429:RecvDiagnosticMessage] Rcv sourceLA=0x0001, TargetLA=0x0023
[2021/08/19 16:38:49 394] [FOTA#DoIP][D][WM_FOTA_DoIPMessageRecvThread.cpp:439:RecvDiagnosticMessage] UDS Reply, Length: 6
[2021/08/19 16:38:49 394] [FOTA#DoIP][D][WM_FOTA_DoIPMessageRecvThread.cpp:448:RecvDiagnosticMessage] 50 01 00 32 01 F4 
[2021/08/19 16:38:49 396] [FOTA#DoIP][D][WM_FOTA_DoIPClient.cpp:528:SendDiagnosticMessage] UDS Request, Length: 3
[2021/08/19 16:38:49 396] [FOTA#DoIP][D][WM_FOTA_DoIPClient.cpp:537:SendDiagnosticMessage] 22 F1 91 
[2021/08/19 16:38:49 445] [FOTA#DoIP][D][WM_FOTA_DoIPMessageRecvThread.cpp:429:RecvDiagnosticMessage] Rcv sourceLA=0x0001, TargetLA=0x0023
[2021/08/19 16:38:49 445] [FOTA#DoIP][D][WM_FOTA_DoIPMessageRecvThread.cpp:439:RecvDiagnosticMessage] UDS Reply, Length: 13
[2021/08/19 16:38:49 445] [FOTA#DoIP][D][WM_FOTA_DoIPMessageRecvThread.cpp:448:RecvDiagnosticMessage] 62 F1 91 56 45 36 30 30 31 36 36 30 34 
[2021/08/19 16:38:49 446] [FOTA#FotaManager][D][WM_FOTA_VehicleInfo.cpp:829:GetEcuSystemInfo] ecu PN:VE60016604
[2021/08/19 16:38:49 446] [FOTA#DoIP][D][WM_FOTA_DoIPClient.cpp:528:SendDiagnosticMessage] UDS Request, Length: 2
[2021/08/19 16:38:49 446] [FOTA#DoIP][D][WM_FOTA_DoIPClient.cpp:537:SendDiagnosticMessage] 10 01 
[2021/08/19 16:38:49 497] [FOTA#DoIP][D][WM_FOTA_DoIPMessageRecvThread.cpp:429:RecvDiagnosticMessage] Rcv sourceLA=0x0001, TargetLA=0x0023
[2021/08/19 16:38:49 497] [FOTA#DoIP][D][WM_FOTA_DoIPMessageRecvThread.cpp:439:RecvDiagnosticMessage] UDS Reply, Length: 6
[2021/08/19 16:38:49 497] [FOTA#DoIP][D][WM_FOTA_DoIPMessageRecvThread.cpp:448:RecvDiagnosticMessage] 50 01 00 32 01 F4 
[2021/08/19 16:38:49 498] [FOTA#DoIP][D][WM_FOTA_DoIPClient.cpp:528:SendDiagnosticMessage] UDS Request, Length: 3
[2021/08/19 16:38:49 499] [FOTA#DoIP][D][WM_FOTA_DoIPClient.cpp:537:SendDiagnosticMessage] 22 F1 88 
[2021/08/19 16:38:49 545] [FOTA#DoIP][D][WM_FOTA_DoIPMessageRecvThread.cpp:429:RecvDiagnosticMessage] Rcv sourceLA=0x0001, TargetLA=0x0023
[2021/08/19 16:38:49 546] [FOTA#DoIP][D][WM_FOTA_DoIPMessageRecvThread.cpp:439:RecvDiagnosticMessage] UDS Reply, Length: 13
[2021/08/19 16:38:49 546] [FOTA#DoIP][D][WM_FOTA_DoIPMessageRecvThread.cpp:448:RecvDiagnosticMessage] 62 F1 88 56 45 36 30 30 31 37 30 30 32 
[2021/08/19 16:38:49 546] [FOTA#FotaManager][D][WM_FOTA_VehicleInfo.cpp:898:GetEcuSystemInfo] ecu mcu version:VE60017002
[2021/08/19 16:38:49 547] [FOTA#FotaManager][D][WM_FOTA_VehicleInfo.cpp:809:GetEcuSystemInfo] ecu name:bcm
[2021/08/19 16:38:49 547] [FOTA#DoIP][D][WM_FOTA_DoIPClient.cpp:528:SendDiagnosticMessage] UDS Request, Length: 2
[2021/08/19 16:38:49 547] [FOTA#DoIP][D][WM_FOTA_DoIPClient.cpp:537:SendDiagnosticMessage] 10 01 
[2021/08/19 16:38:49 603] [FOTA#DoIP][D][WM_FOTA_DoIPMessageRecvThread.cpp:429:RecvDiagnosticMessage] Rcv sourceLA=0x0011, TargetLA=0x0023
[2021/08/19 16:38:49 604] [FOTA#DoIP][D][WM_FOTA_DoIPMessageRecvThread.cpp:439:RecvDiagnosticMessage] UDS Reply, Length: 6
[2021/08/19 16:38:49 604] [FOTA#DoIP][D][WM_FOTA_DoIPMessageRecvThread.cpp:448:RecvDiagnosticMessage] 50 01 00 32 01 F4 
[2021/08/19 16:38:49 605] [FOTA#DoIP][D][WM_FOTA_DoIPClient.cpp:528:SendDiagnosticMessage] UDS Request, Length: 3
[2021/08/19 16:38:49 606] [FOTA#DoIP][D][WM_FOTA_DoIPClient.cpp:537:SendDiagnosticMessage] 22 F1 8C 
[2021/08/19 16:38:49 653] [FOTA#DoIP][D][WM_FOTA_DoIPMessageRecvThread.cpp:429:RecvDiagnosticMessage] Rcv sourceLA=0x0011, TargetLA=0x0023
[2021/08/19 16:38:49 654] [FOTA#DoIP][D][WM_FOTA_DoIPMessageRecvThread.cpp:439:RecvDiagnosticMessage] UDS Reply, Length: 21
[2021/08/19 16:38:49 654] [FOTA#DoIP][D][WM_FOTA_DoIPMessageRecvThread.cpp:448:RecvDiagnosticMessage] 62 F1 8C 56 45 36 30 30 31 31 31 30 30 2D 4C 34 54 30 30 32 35 
[2021/08/19 16:38:49 655] [FOTA#FotaManager][D][WM_FOTA_VehicleInfo.cpp:822:GetEcuSystemInfo] ecu SN:VE60011100-L4T0025
[2021/08/19 16:38:49 655] [FOTA#DoIP][D][WM_FOTA_DoIPClient.cpp:528:SendDiagnosticMessage] UDS Request, Length: 2
[2021/08/19 16:38:49 655] [FOTA#DoIP][D][WM_FOTA_DoIPClient.cpp:537:SendDiagnosticMessage] 10 01 
[2021/08/19 16:38:49 700] [FOTA#DoIP][D][WM_FOTA_DoIPMessageRecvThread.cpp:429:RecvDiagnosticMessage] Rcv sourceLA=0x0011, TargetLA=0x0023
[2021/08/19 16:38:49 701] [FOTA#DoIP][D][WM_FOTA_DoIPMessageRecvThread.cpp:439:RecvDiagnosticMessage] UDS Reply, Length: 6
[2021/08/19 16:38:49 701] [FOTA#DoIP][D][WM_FOTA_DoIPMessageRecvThread.cpp:448:RecvDiagnosticMessage] 50 01 00 32 01 F4 
[2021/08/19 16:38:49 702] [FOTA#DoIP][D][WM_FOTA_DoIPClient.cpp:528:SendDiagnosticMessage] UDS Request, Length: 3
[2021/08/19 16:38:49 703] [FOTA#DoIP][D][WM_FOTA_DoIPClient.cpp:537:SendDiagnosticMessage] 22 F1 91 
[2021/08/19 16:38:49 761] [FOTA#DoIP][D][WM_FOTA_DoIPMessageRecvThread.cpp:429:RecvDiagnosticMessage] Rcv sourceLA=0x0011, TargetLA=0x0023
[2021/08/19 16:38:49 762] [FOTA#DoIP][D][WM_FOTA_DoIPMessageRecvThread.cpp:439:RecvDiagnosticMessage] UDS Reply, Length: 13
[2021/08/19 16:38:49 762] [FOTA#DoIP][D][WM_FOTA_DoIPMessageRecvThread.cpp:448:RecvDiagnosticMessage] 62 F1 91 56 45 36 30 30 31 31 33 30 32 
[2021/08/19 16:38:49 762] [FOTA#FotaManager][D][WM_FOTA_VehicleInfo.cpp:829:GetEcuSystemInfo] ecu PN:VE60011302
[2021/08/19 16:38:49 763] [FOTA#DoIP][D][WM_FOTA_DoIPClient.cpp:528:SendDiagnosticMessage] UDS Request, Length: 2
[2021/08/19 16:38:49 763] [FOTA#DoIP][D][WM_FOTA_DoIPClient.cpp:537:SendDiagnosticMessage] 10 01 
[2021/08/19 16:38:49 813] [FOTA#DoIP][D][WM_FOTA_DoIPMessageRecvThread.cpp:429:RecvDiagnosticMessage] Rcv sourceLA=0x0011, TargetLA=0x0023
[2021/08/19 16:38:49 813] [FOTA#DoIP][D][WM_FOTA_DoIPMessageRecvThread.cpp:439:RecvDiagnosticMessage] UDS Reply, Length: 6
[2021/08/19 16:38:49 813] [FOTA#DoIP][D][WM_FOTA_DoIPMessageRecvThread.cpp:448:RecvDiagnosticMessage] 50 01 00 32 01 F4 
[2021/08/19 16:38:49 815] [FOTA#DoIP][D][WM_FOTA_DoIPClient.cpp:528:SendDiagnosticMessage] UDS Request, Length: 3
[2021/08/19 16:38:49 815] [FOTA#DoIP][D][WM_FOTA_DoIPClient.cpp:537:SendDiagnosticMessage] 22 F1 88 
[2021/08/19 16:38:49 862] [FOTA#DoIP][D][WM_FOTA_DoIPMessageRecvThread.cpp:429:RecvDiagnosticMessage] Rcv sourceLA=0x0011, TargetLA=0x0023
[2021/08/19 16:38:49 863] [FOTA#DoIP][D][WM_FOTA_DoIPMessageRecvThread.cpp:439:RecvDiagnosticMessage] UDS Reply, Length: 13
[2021/08/19 16:38:49 863] [FOTA#DoIP][D][WM_FOTA_DoIPMessageRecvThread.cpp:448:RecvDiagnosticMessage] 62 F1 88 56 45 36 30 30 31 30 38 30 32 
[2021/08/19 16:38:49 863] [FOTA#FotaManager][D][WM_FOTA_VehicleInfo.cpp:898:GetEcuSystemInfo] ecu mcu version:VE60010802
[2021/08/19 16:38:49 863] [FOTA#FotaManager][D][WM_FOTA_VehicleInfo.cpp:809:GetEcuSystemInfo] ecu name:scm
[2021/08/19 16:38:49 864] [FOTA#DoIP][D][WM_FOTA_DoIPClient.cpp:528:SendDiagnosticMessage] UDS Request, Length: 2
[2021/08/19 16:38:49 867] [FOTA#DoIP][D][WM_FOTA_DoIPClient.cpp:537:SendDiagnosticMessage] 10 01 
[2021/08/19 16:38:49 914] [FOTA#DoIP][D][WM_FOTA_DoIPMessageRecvThread.cpp:429:RecvDiagnosticMessage] Rcv sourceLA=0x0012, TargetLA=0x0023
[2021/08/19 16:38:49 914] [FOTA#DoIP][D][WM_FOTA_DoIPMessageRecvThread.cpp:439:RecvDiagnosticMessage] UDS Reply, Length: 6
[2021/08/19 16:38:49 914] [FOTA#DoIP][D][WM_FOTA_DoIPMessageRecvThread.cpp:448:RecvDiagnosticMessage] 50 01 00 32 01 F4 
[2021/08/19 16:38:49 916] [FOTA#DoIP][D][WM_FOTA_DoIPClient.cpp:528:SendDiagnosticMessage] UDS Request, Length: 3
[2021/08/19 16:38:49 916] [FOTA#DoIP][D][WM_FOTA_DoIPClient.cpp:537:SendDiagnosticMessage] 22 F1 8C 
[2021/08/19 16:38:49 963] [FOTA#DoIP][D][WM_FOTA_DoIPMessageRecvThread.cpp:429:RecvDiagnosticMessage] Rcv sourceLA=0x0012, TargetLA=0x0023
[2021/08/19 16:38:49 963] [FOTA#DoIP][D][WM_FOTA_DoIPMessageRecvThread.cpp:439:RecvDiagnosticMessage] UDS Reply, Length: 21
[2021/08/19 16:38:49 963] [FOTA#DoIP][D][WM_FOTA_DoIPMessageRecvThread.cpp:448:RecvDiagnosticMessage] 62 F1 8C 56 45 33 30 31 39 30 35 30 33 32 30 30 32 32 37 57 4D 
[2021/08/19 16:38:49 963] [FOTA#FotaManager][D][WM_FOTA_VehicleInfo.cpp:822:GetEcuSystemInfo] ecu SN:VE30190503200227WM
[2021/08/19 16:38:49 964] [FOTA#DoIP][D][WM_FOTA_DoIPClient.cpp:528:SendDiagnosticMessage] UDS Request, Length: 2
[2021/08/19 16:38:49 964] [FOTA#DoIP][D][WM_FOTA_DoIPClient.cpp:537:SendDiagnosticMessage] 10 01 
[2021/08/19 16:38:50 013] [FOTA#DoIP][D][WM_FOTA_DoIPMessageRecvThread.cpp:429:RecvDiagnosticMessage] Rcv sourceLA=0x0012, TargetLA=0x0023
[2021/08/19 16:38:50 013] [FOTA#DoIP][D][WM_FOTA_DoIPMessageRecvThread.cpp:439:RecvDiagnosticMessage] UDS Reply, Length: 6
[2021/08/19 16:38:50 013] [FOTA#DoIP][D][WM_FOTA_DoIPMessageRecvThread.cpp:448:RecvDiagnosticMessage] 50 01 00 32 01 F4 
[2021/08/19 16:38:50 015] [FOTA#DoIP][D][WM_FOTA_DoIPClient.cpp:528:SendDiagnosticMessage] UDS Request, Length: 3
[2021/08/19 16:38:50 015] [FOTA#DoIP][D][WM_FOTA_DoIPClient.cpp:537:SendDiagnosticMessage] 22 F1 91 
[2021/08/19 16:38:50 063] [FOTA#DoIP][D][WM_FOTA_DoIPMessageRecvThread.cpp:429:RecvDiagnosticMessage] Rcv sourceLA=0x0012, TargetLA=0x0023
[2021/08/19 16:38:50 063] [FOTA#DoIP][D][WM_FOTA_DoIPMessageRecvThread.cpp:439:RecvDiagnosticMessage] UDS Reply, Length: 13
[2021/08/19 16:38:50 063] [FOTA#DoIP][D][WM_FOTA_DoIPMessageRecvThread.cpp:448:RecvDiagnosticMessage] 62 F1 91 56 45 33 30 30 30 30 38 30 32 
[2021/08/19 16:38:50 064] [FOTA#FotaManager][D][WM_FOTA_VehicleInfo.cpp:829:GetEcuSystemInfo] ecu PN:VE30000802
[2021/08/19 16:38:50 064] [FOTA#DoIP][D][WM_FOTA_DoIPClient.cpp:528:SendDiagnosticMessage] UDS Request, Length: 2
[2021/08/19 16:38:50 064] [FOTA#DoIP][D][WM_FOTA_DoIPClient.cpp:537:SendDiagnosticMessage] 10 01 
[2021/08/19 16:38:50 114] [FOTA#DoIP][D][WM_FOTA_DoIPMessageRecvThread.cpp:429:RecvDiagnosticMessage] Rcv sourceLA=0x0012, TargetLA=0x0023
[2021/08/19 16:38:50 114] [FOTA#DoIP][D][WM_FOTA_DoIPMessageRecvThread.cpp:439:RecvDiagnosticMessage] UDS Reply, Length: 6
[2021/08/19 16:38:50 114] [FOTA#DoIP][D][WM_FOTA_DoIPMessageRecvThread.cpp:448:RecvDiagnosticMessage] 50 01 00 32 01 F4 
[2021/08/19 16:38:50 116] [FOTA#DoIP][D][WM_FOTA_DoIPClient.cpp:528:SendDiagnosticMessage] UDS Request, Length: 3
[2021/08/19 16:38:50 116] [FOTA#DoIP][D][WM_FOTA_DoIPClient.cpp:537:SendDiagnosticMessage] 22 F1 88 
[2021/08/19 16:38:50 164] [FOTA#DoIP][D][WM_FOTA_DoIPMessageRecvThread.cpp:429:RecvDiagnosticMessage] Rcv sourceLA=0x0012, TargetLA=0x0023
[2021/08/19 16:38:50 164] [FOTA#DoIP][D][WM_FOTA_DoIPMessageRecvThread.cpp:439:RecvDiagnosticMessage] UDS Reply, Length: 13
[2021/08/19 16:38:50 164] [FOTA#DoIP][D][WM_FOTA_DoIPMessageRecvThread.cpp:448:RecvDiagnosticMessage] 62 F1 88 56 45 37 30 30 30 32 39 30 33 
[2021/08/19 16:38:50 165] [FOTA#FotaManager][D][WM_FOTA_VehicleInfo.cpp:898:GetEcuSystemInfo] ecu mcu version:VE70002903
[2021/08/19 16:38:50 165] [FOTA#FotaManager][D][WM_FOTA_VehicleInfo.cpp:809:GetEcuSystemInfo] ecu name:ptg
[2021/08/19 16:38:50 165] [FOTA#DoIP][D][WM_FOTA_DoIPClient.cpp:528:SendDiagnosticMessage] UDS Request, Length: 2
[2021/08/19 16:38:50 166] [FOTA#DoIP][D][WM_FOTA_DoIPClient.cpp:537:SendDiagnosticMessage] 10 01 
[2021/08/19 16:38:53 166] [FOTA#Upgrade][E][WM_FOTA_ECUVersion.cpp:93:ReadEcuSN] DefaultSession_Start response error
[2021/08/19 16:38:53 167] [FOTA#DoIP][D][WM_FOTA_DoIPClient.cpp:528:SendDiagnosticMessage] UDS Request, Length: 2
[2021/08/19 16:38:53 167] [FOTA#DoIP][D][WM_FOTA_DoIPClient.cpp:537:SendDiagnosticMessage] 10 01 
[2021/08/19 16:38:56 167] [FOTA#Upgrade][E][WM_FOTA_ECUVersion.cpp:93:ReadEcuSN] DefaultSession_Start response error
[2021/08/19 16:38:56 168] [FOTA#DoIP][D][WM_FOTA_DoIPClient.cpp:528:SendDiagnosticMessage] UDS Request, Length: 2
[2021/08/19 16:38:56 168] [FOTA#DoIP][D][WM_FOTA_DoIPClient.cpp:537:SendDiagnosticMessage] 10 01 
[2021/08/19 16:38:59 169] [FOTA#Upgrade][E][WM_FOTA_ECUVersion.cpp:93:ReadEcuSN] DefaultSession_Start response error
[2021/08/19 16:38:59 169] [FOTA#FotaManager][D][WM_FOTA_VehicleInfo.cpp:822:GetEcuSystemInfo] ecu SN:
[2021/08/19 16:38:59 170] [FOTA#DoIP][D][WM_FOTA_DoIPClient.cpp:528:SendDiagnosticMessage] UDS Request, Length: 2
[2021/08/19 16:38:59 170] [FOTA#DoIP][D][WM_FOTA_DoIPClient.cpp:537:SendDiagnosticMessage] 10 01 
[2021/08/19 16:39:02 170] [FOTA#Upgrade][E][WM_FOTA_ECUVersion.cpp:118:ReadEcuPN] DefaultSession_Start response error
[2021/08/19 16:39:02 171] [FOTA#DoIP][D][WM_FOTA_DoIPClient.cpp:528:SendDiagnosticMessage] UDS Request, Length: 2
[2021/08/19 16:39:02 171] [FOTA#DoIP][D][WM_FOTA_DoIPClient.cpp:537:SendDiagnosticMessage] 10 01 
[2021/08/19 16:39:05 172] [FOTA#Upgrade][E][WM_FOTA_ECUVersion.cpp:118:ReadEcuPN] DefaultSession_Start response error
[2021/08/19 16:39:05 173] [FOTA#DoIP][D][WM_FOTA_DoIPClient.cpp:528:SendDiagnosticMessage] UDS Request, Length: 2
[2021/08/19 16:39:05 173] [FOTA#DoIP][D][WM_FOTA_DoIPClient.cpp:537:SendDiagnosticMessage] 10 01 
[2021/08/19 16:39:08 173] [FOTA#Upgrade][E][WM_FOTA_ECUVersion.cpp:118:ReadEcuPN] DefaultSession_Start response error
[2021/08/19 16:39:08 173] [FOTA#FotaManager][D][WM_FOTA_VehicleInfo.cpp:829:GetEcuSystemInfo] ecu PN:
[2021/08/19 16:39:08 174] [FOTA#DoIP][D][WM_FOTA_DoIPClient.cpp:528:SendDiagnosticMessage] UDS Request, Length: 2
[2021/08/19 16:39:08 174] [FOTA#DoIP][D][WM_FOTA_DoIPClient.cpp:537:SendDiagnosticMessage] 10 01 
                                                                                                                                                                                                                                                                                                                                                                                                                                                                                                                                                                                                                                                                                                  