
Trace>> [    101246][20210819 16:49:05:906][  2198][udsMpuMsgHandler@3725]udsMpuMsgHandler mpu msg id 160 !
Trace>> [    101248][20210819 16:49:05:908][  7667][sendMcuMsg@850]mid 21-[1:1], datalen 2
Debug>> [    101250][20210819 16:49:05:910][  7667][udsSendMcuMsg@255]udsSendMcuMsg msgId 0x15, msgType 1, dataType 1, dataLen 2, ret 1
Trace>> [    103277][20210819 16:49:07:937][  7667][GetTBoxMcuAppVersion@35]SHM id 8000

Trace>> [   2953533][20210819 17:36:38:191][  2198][udsMpuMsgHandler@3725]udsMpuMsgHandler mpu msg id 160 !
Trace>> [   3555517][20210819 17:46:40:177][  2198][udsMpuMsgHandler@3725]udsMpuMsgHandler mpu msg id 301 !
Trace>> [   3555517][20210819 17:46:40:177][  2198][setAppWorkStaus@2324]To set App 8 working status as 2
Trace>> [   3562086][20210820 10:43:52:599][  2198][udsMpuMsgHandler@3725]udsMpuMsgHandler mpu msg id 303 !
Trace>> [   3565715][20210820 10:43:56:228][  2198][udsMpuMsgHandler@3725]udsMpuMsgHandler mpu msg id 160 !
Trace>> [   3565718][20210820 10:43:56:230][  7667][sendMcuMsg@850]mid 21-[1:1], datalen 2
Debug>> [   3565719][20210820 10:43:56:232][  7667][udsSendMcuMsg@255]udsSendMcuMsg msgId 0x15, msgType 1, dataType 1, dataLen 2, ret 1
Trace>> [   3565720][20210820 10:43:56:233][  7672][sendMcuMsg@850]mid 21-[1:1], datalen 2
Debug>> [   3565731][20210820 10:43:56:244][  7672][udsSendMcuMsg@255]udsSendMcuMsg msgId 0x15, msgType 1, dataType 1, dataLen 2, ret 1
Trace>> [   3567729][20210820 10:43:58:241][  7667][GetTBoxMcuAppVersion@35]SHM id 8000

Trace>> [   7424475][20210820 11:48:14:986][  7667][sendMcuMsg@850]mid 21-[1:1], datalen 2
Debug>> [   7424477][20210820 11:48:14:989][  7667][udsSendMcuMsg@255]udsSendMcuMsg msgId 0x15, msgType 1, dataType 1, dataLen 2, ret 1
Trace>> [   7426594][20210820 11:48:17:107][  7667][GetKl30Vol@882]get KL30Voltage
Trace>> [   7426594][20210820 11:48:17:107][  7667][GetKl30Vol@894]get KL30Voltage:8e
Trace>> [   7760674][20210820 11:53:51:186][  7667][sendMcuMsg@850]mid 21-[1:1], datalen 2
Debug>> [   7760675][20210820 11:53:51:188][  7667][udsSendMcuMsg@255]udsSendMcuMsg msgId 0x15, msgType 1, dataType 1, dataLen 2, ret 1
Trace>> [   7761677][20210820 11:53:52:190][  7672][sendMcuMsg@850]mid 21-[1:1], datalen 2
Debug>> [   7761677][20210820 11:53:52:190][  7672][udsSendMcuMsg@255]udsSendMcuMsg msgId 0x15, msgType 1, dataType 1, dataLen 2, ret 1
Trace>> [   7762677][20210820 11:53:53:189][  7667][GetKl30Vol@882]get KL30Voltage
Trace>> [   7762677][20210820 11:53:53:189][  7667][GetKl30Vol@894]get KL30Voltage:8e
Trace>> [   7763251][20210820 11:53:53:763][  7667][sendMcuMsg@850]mid 101-[1:1], datalen 12
Debug>> [   7763252][20210820 11:53:53:765][  7667][udsSendMcuMsg@255]udsSendMcuMsg msgId 0x65, msgType 1, dataType 1, dataLen 12, ret 1
Debug>> [   7768258][20210820 11:53:58:770][  7667][udsWaitingCmdRespResult@999]udsWaitingCmdRespResult1 cmdReult 0x0, retCode 110 !
Error>> [   7768258][20210820 11:53:58:770][  7667][udsWaitingCmdRespResult@1044]udsWaitingCmdRespResult local error code 8, cmd result 0 !
Error>> [   7768264][20210820 11:53:58:777][  7667][udsWaitingCmdRespResult@1067]udsWaitingCmdRespResult nagtive resp OR timeout, timeout value 5000 !
Trace>> [   7773267][20210820 11:54:03:780][  7667][udsFotaVehicleSwitchOtaMode@1354]udsFotaVehicleSwitchOtaMode retry 0 !
Trace>> [   7773271][20210820 11:54:03:784][  7667][sendMcuMsg@850]mid 101-[1:1], datalen 12
Debug>> [   7773273][20210820 11:54:03:785][  7667][udsSendMcuMsg@255]udsSendMcuMsg msgId 0x65, msgType 1, dataType 1, dataLen 12, ret 1
Debug>> [   7778273][20210820 11:54:08:786][  7667][udsWaitingCmdRespResult@999]udsWaitingCmdRespResult1 cmdReult 0x0, retCode 110 !
Error>> [   7778273][20210820 11:54:08:786][  7667][udsWaitingCmdRespResult@1044]udsWaitingCmdRespResult local error code 8, cmd result 0 !
Error>> [   7778274][20210820 11:54:08:786][  7667][udsWaitingCmdRespResult@1067]udsWaitingCmdRespResult nagtive resp OR timeout, timeout value 5000 !
Trace>> [   7783277][20210820 11:54:13:790][  7667][udsFotaVehicleSwitchOtaMode@1354]udsFotaVehicleSwitchOtaMode retry 1 !
Trace>> [   7783778][20210820 11:54:14:290][  7667][GetOTAMode@973]GetOTAMode
Trace>> [   7783784][20210820 11:54:14:296][  7667][GetKl30Vol@882]get KL30Voltage
Trace>> [   7783784][20210820 11:54:14:296][  7667][GetKl30Vol@894]get KL30Voltage:8e
Trace>> [   7783784][20210820 11:54:14:296][  7667][PwrTrainConnectSt@647]get GetVolgateState
Trace>> [   7783784][20210820 11:54:14:296][  7667][PwrTrainConnectSt@661]BMS_PwrTrainConnectSta 1
Trace>> [   7783784][20210820 11:54:14:297][  7667][GetOTAMode@973]GetOTAMode
Trace>> [   8266466][20210820 12:02:16:979][  7667][sendMcuMsg@850]mid 101-[1:1], datalen 12
Debug>> [   8266466][20210820 12:02:16:979][  7667][udsSendMcuMsg@255]udsSendMcuMsg msgId 0x65, msgType 1, dataType 1, dataLen 12, ret 1
Debug>> [   8271467][20210820 12:02:21:979][  7667][udsWaitingCmdRespResult@999]udsWaitingCmdRespResult1 cmdReult 0x0, retCode 110 !
Error>> [   8271467][20210820 12:02:21:979][  7667][udsWaitingCmdRespResult@1044]udsWaitingCmdRespResult local error code 8, cmd result 0 !
Error>> [   8271467][20210820 12:02:21:980][  7667][udsWaitingCmdRespResult@1067]udsWaitingCmdRespResult nagtive resp OR timeout, timeout value 5000 !
Trace>> [   8276470][20210820 12:02:26:982][  7667][udsFotaVehicleSwitchOtaMode@1354]udsFotaVehicleSwitchOtaMode retry 0 !
Trace>> [   8276470][20210820 12:02:26:983][  7667][sendMcuMsg@850]mid 101-[1:1], datalen 12
Debug>> [   8276470][20210820 12:02:26:983][  7667][udsSendMcuMsg@255]udsSendMcuMsg msgId 0x65, msgType 1, dataType 1, dataLen 12, ret 1
Debug>> [   8281471][20210820 12:02:31:984][  7667][udsWaitingCmdRespResult@999]udsWaitingCmdRespResult1 cmdReult 0x0, retCode 110 !
Error>> [   8281471][20210820 12:02:31:984][  7667][udsWaitingCmdRespResult@1044]udsWaitingCmdRespResult local error code 8, cmd result 0 !
Error>> [   8281471][20210820 12:02:31:984][  7667][udsWaitingCmdRespResult@1067]udsWaitingCmdRespResult nagtive resp OR timeout, timeout value 5000 !
Trace>> [   8286474][20210820 12:02:36:986][  7667][udsFotaVehicleSwitchOtaMode@1354]udsFotaVehicleSwitchOtaMode retry 1 !
Trace>> [   8286975][20210820 12:02:37:487][  7667][GetOTAMode@973]GetOTAMode
Trace>> [   8286980][20210820 12:02:37:493][  7667][GetKl30Vol@882]get KL30Voltage
Trace>> [   8286980][20210820 12:02:37:493][  7667][GetKl30Vol@894]get KL30Voltage:7f
Trace>> [   8286980][20210820 12:02:37:493][  7667][PwrTrainConnectSt@647]get GetVolgateState
Trace>> [   8286980][20210820 12:02:37:493][  7667][PwrTrainConnectSt@661]BMS_PwrTrainConnectSta 0
Trace>> [   8286981][20210820 12:02:37:493][  7667][GetOTAMode@973]GetOTAMode
Trace>> [   8493070][20210820 12:06:03:583][  7667][sendMcuMsg@850]mid 101-[1:1], datalen 12
Debug>> [   8493071][20210820 12:06:03:584][  7667][udsSendMcuMsg@255]udsSendMcuMsg msgId 0x65, msgType 1, dataType 1, dataLen 12, ret 1
Debug>> [   8498072][20210820 12:06:08:584][  7667][udsWaitingCmdRespResult@999]udsWaitingCmdRespResult1 cmdReult 0x0, retCode 110 !
Error>> [   8498072][20210820 12:06:08:585][  7667][udsWaitingCmdRespResult@1044]udsWaitingCmdRespResult local error code 8, cmd result 0 !
Error>> [   8498072][20210820 12:06:08:585][  7667][udsWaitingCmdRespResult@1067]udsWaitingCmdRespResult nagtive resp OR timeout, timeout value 5000 !
Trace>> [   8503075][20210820 12:06:13:587][  7667][udsFotaVehicleSwitchOtaMode@1354]udsFotaVehicleSwitchOtaMode retry 0 !
Trace>> [   8503075][20210820 12:06:13:587][  7667][sendMcuMsg@850]mid 101-[1:1], datalen 12
Debug>> [   8503075][20210820 12:06:13:588][  7667][udsSendMcuMsg@255]udsSendMcuMsg msgId 0x65, msgType 1, dataType 1, dataLen 12, ret 1
Debug>> [   8508076][20210820 12:06:18:588][  7667][udsWaitingCmdRespResult@999]udsWaitingCmdRespResult1 cmdReult 0x0, retCode 110 !
Error>> [   8508076][20210820 12:06:18:588][  7667][udsWaitingCmdRespResult@1044]udsWaitingCmdRespResult local error code 8, cmd result 0 !
Error>> [   8508076][20210820 12:06:18:589][  7667][udsWaitingCmdRespResult@1067]udsWaitingCmdRespResult nagtive resp OR timeout, timeout value 5000 !
Trace>> [   8513080][20210820 12:06:23:592][  7667][udsFotaVehicleSwitchOtaMode@1354]udsFotaVehicleSwitchOtaMode retry 1 !
Trace>> [   8513580][20210820 12:06:24:093][  7667][GetOTAMode@973]GetOTAMode
Trace>> [   8517205][20210820 12:06:27:718][  7667][sendMcuMsg@850]mid 101-[1:1], datalen 12
Debug>> [   8517206][20210820 12:06:27:719][  7667][udsSendMcuMsg@255]udsSendMcuMsg msgId 0x65, msgType 1, dataType 1, dataLen 12, ret 1
Trace>> [   8517991][20210820 12:06:28:504][  7672][sendMcuMsg@850]mid 21-[1:1], datalen 2
Debug>> [   8517991][20210820 12:06:28:504][  7672][udsSendMcuMsg@255]udsSendMcuMsg msgId 0x15, msgType 1, dataType 1, dataLen 2, ret 1
Debug>> [   8522207][20210820 12:06:32:719][  7667][udsWaitingCmdRespResult@999]udsWaitingCmdRespResult1 cmdReult 0x0, retCode 110 !
Error>> [   8522207][20210820 12:06:32:719][  7667][udsWaitingCmdRespResult@1044]udsWaitingCmdRespResult local error code 8, cmd result 0 !
Error>> [   8522207][20210820 12:06:32:720][  7667][udsWaitingCmdRespResult@1067]udsWaitingCmdRespResult nagtive resp OR timeout, timeout value 5000 !
Trace>> [   8527212][20210820 12:0