
Trace>> [     25087][19700101 08:00:28:100][  1620][main@57]RemoteConfig Build time: [Aug 12 2021 06:06:01]
Trace>> [     25237][19700101 08:00:28:250][  1620][start@72] Start IPC finish
Error>> [     26239][19700101 08:00:29:253][  1620][initShmStruct@127]ID[0] Negative, Init 3590520833 again:0

Trace>> [     26239][19700101 08:00:29:253][  1620][WM_TBOX_RemoteConfig_Manager@44]Create a shared memory segment 98306

Trace>> [     26239][19700101 08:00:29:253][  1620][WM_TBOX_RemoteConfig_Manager@57]Size of memory segment is 4096 bytes.Number of attach 1

Trace>> [     26245][19700101 08:00:29:258][  1620][getDefaultConfig@79]To get default configuration
Trace>> [     26246][19700101 08:00:29:260][  1620][getDefaultConfig@90]TSP ENV 3
Trace>> [     26254][19700101 08:00:29:268][  1620][loadDataFromDB@212]To open/create DB
Trace>> [     26370][19700101 08:00:29:383][  1620][loadDataFromDB@228]To get config from database
Trace>> [     26370][19700101 08:00:29:384][  1620][resetTspEnvInfo@311]TSP ENV 3
Trace>> [
Trace>> [     31635][19700101 08:54:25:648][  1643][main@57]RemoteConfig Build time: [Aug 19 2021 02:47:13]
Trace>> [     31785][19700101 08:54:25:798][  1643][start@72] Start IPC finish
Error>> [     32786][19700101 08:54:26:800][  1643][initShmStruct@127]ID[0] Negative, Init 3590520833 again:0

Trace>> [     32786][19700101 08:54:26:800][  1643][WM_TBOX_RemoteConfig_Manager@44]Create a shared memory segment 98306

Trace>> [     32787][19700101 08:54:26:800][  1643][WM_TBOX_RemoteConfig_Manager@57]Size of memory segment is 4096 bytes.Number of attach 1

Trace>> [     32792][19700101 08:54:26:805][  1643][getDefaultConfig@79]To get default configuration
Trace>> [     32792][19700101 08:54:26:806][  1643][getDefaultConfig@90]TSP ENV 3
Trace>> [     32798][19700101 08:54:26:811][  1643][loadDataFromDB@212]To open/create DB
Trace>> [     32908][19700101 08:54:26:922][  1643][loadDataFromDB@291]CREATE TABLE [t_active_status] ([localVersion] INT NOT NULL,[tspVersion] INT NOT NULL, [tspEnv] INT NOT NULL, [configProtocolVersion] INT NOT NULL,[gbPartData] BOOL NOT NULL, [gbdbData] BOOL NOT NULL,  [toCData] BOOL NOT NULL,  [saleData] BOOL NOT NULL,  [vehicleControl] BOOL NOT NULL, [vehicleAlert] BOOL NOT NULL, [remoteDiag] BOOL NOT NULL,  [BTKey] BOOL NOT NULL, [gbDirectLink] BOOL NOT NULL, [tspConnApn] INT NOT NULL, [gbPort] INT NOT NULL, [gbUrl] TEXT, [rescuePhone] TEXT, [privateNetAPN] TEXT, [privateNetAPNUsr] TEXT, [privateNetAPNPwd] TEXT, [tspTcpServerUrl] TEXT, [tspTcpServerPort] INT, [mqttServerUrl] TEXT,  [mqttServerPort] INT, [PKIServerPort] INT, [PKIServerUrl] TEXT, [publicNetAPN] TEXT, [publicNetAPNUsr] TEXT, [publicNetAPNPwd] TEXT, [bigDataServerUrl] TEXT,  [salesDataServerUrl] TEXT, [diagCommonUrlPrifex] TEXT, [logUploadServerUrl] TEXT, [BLEResetTimer] INT, [MCUResetTimer] INT, [MPUResetTimer] INT);
Trace>> [     32963][19700101 08:54:26:977][  1643][loadDataFromDB@293]CREATE TABLE [t_active_status] ([localVersion] INT NOT NULL,[tspVersion] INT NOT NULL, [tspEnv] INT NOT NULL, [configProtocolVersion] INT NOT NULL,[gbPartData] BOOL NOT NULL, [gbdbData] BOOL NOT NULL,  [toCData] BOOL NOT NULL,  [saleData] BOOL NOT NULL,  [vehicleControl] BOOL NOT NULL, [vehicleAlert] BOOL NOT NULL, [remoteDiag] BOOL NOT NULL,  [BTKey] BOOL NOT NULL, [gbDirectLink] BOOL NOT NULL, [tspConnApn] INT NOT NULL, [gbPort] INT NOT NULL, [gbUrl] TEXT, [rescuePhone] TEXT, [privateNetAPN] TEXT, [privateNetAPNUsr] TEXT, [privateNetAPNPwd] TEXT, [tspTcpServerUrl] TEXT, [tspTcpServerPort] INT, [mqttServerUrl] TEXT,  [mqttServerPort] INT, [PKIServerPort] INT, [PKIServerUrl] TEXT, [publicNetAPN] TEXT, [publicNetAPNUsr] TEXT, [publicNetAPNPwd] TEXT, [bigDataServerUrl] TEXT,  [salesDataServerUrl] TEXT, [diagCommonUrlPrifex] TEXT, [logUploadServerUrl] TEXT, [BLEResetTimer] INT, [MCUResetTimer] INT, [MPUResetTimer] INT); execute res 0
Debug>> [     32989][19700101 08:54:27:002][  1643][addConfigRecord@438]execute insert into t_active_status (localVersion, tspVersion, configProtocolVersion, gbPartData, gbdbData, toCData, saleData, vehicleControl, vehicleAlert, remoteDiag, BTKey, gbDirectLink, tspConnApn, gbPort, gbUrl, rescuePhone, privateNetAPN, privateNetAPNUsr, privateNetAPNPwd, tspTcpServerUrl, tspTcpServerPort, mqttServerUrl, mqttServerPort, PKIServerPort, PKIServerUrl, publicNetAPN, publicNetAPNUsr, publicNetAPNPwd, bigDataServerUrl, salesDataServerUrl, diagCommonUrlPrifex, logUploadServerUrl, tspEnv, BLEResetTimer, MCUResetTimer, MPUResetTimer) values(1, 1, 1, 1, 1, 1, 1, 1, 1, 1, 1, 0, 0, 0,'', '02160309063', 'scwm01s.cdiot', '', '', '10.23.10.16', 1888,  'tcp://tbox-broker-uat.wm-motor.cn', 1884, 0, '', 'scuiot', '', '',  'https://wm-gateway-center-uat.wm-motor.com/dc-service/dc/file/v2/upload/gbdata', 'https://wm-gateway-center-uat.wm-motor.com/dc-service/dc/file/v2/upload/companydata', 'https://dc.wm-leasing.net/api/vehicle/dota/', 'https://wm-gateway-center-uat.wm-motor.com/dc-service/dc/file/v2/upload/tbox/buriedpoint', 3, 720, 720, 720) res 1
Trace>> [     56199][20210819 16:37:12:793][  3148][main@57]RemoteConfig Build time: [Aug 19 2021 02:47:13]
Trace>> [     56305][20210819 16:37:12:900][  3148][start@72] Start IPC finish
Trace>> [     56306][20210819 16:37:12:900][  3148][WM_TBOX_RemoteConfig_Manager@44]Create a shared memory segment 98306

Trace>> [     56306][20210819 16:37:12:901][  3148][WM_TBOX_RemoteConfig_Manager@57]Size of memory segment is 4096 bytes.Number of attach 1

Trace>> [     56307][20210819 16:37:12:902][  3148][getDefaultConfig@79]To get default configuration
Trace>> [     56308][20210819 16:37:12:902][  3148][getDefaultConfig@90]TSP ENV 3
Trace>> [     56309][20210819 16:37:12:903][  3148][loadDataFromDB@212]To open/create DB
Trace>> [     56322][20210819 16:37:12:916][  3148][loadDataFromDB@228]To get config from database
Trace>> [     56322][20210819 16:37:12:916][  3148][resetTspEnvInfo@311]TSP ENV 3
Trace>> [     56322][20210819 16:37:12:917][  3148][start@354]To generate key
Trace>> [     56322][20210819 16:37:12:917][  3148][sendAPPIPCMessage@88]Send IPC msgId 103
Trace>> [     56327][20210819 16:37:12:922][  3148][
Trace>> [     24811][19700101 08:00:27:824][  1619][main@57]RemoteConfig Build time: [Aug 19 2021 02:47:13]
Trace>> [     24962][19700101 08:00:27:975][  1619][start@72] Start IPC finish
Error>> [     25963][19700101 08:00:28:976][  1619][initShmStruct@127]ID[0] Negative, Init 3590520833 again:0

Trace>> [     25963][19700101 08:00:28:976][  1619][WM_TBOX_RemoteConfig_Manager@44]Create a shared memory segment 98306

Trace>> [     25964][19700101 08:00:28:976][  1619][WM_TBOX_RemoteConfig_Manager@57]Size of memory segment is 4096 bytes.Number of attach 1

Trace>> [     25969][19700101 08:00:28:982][  1619][getDefaultConfig@79]To get default configuration
Trace>> [     25969][19700101 08:00:28:982][  1619][getDefaultConfig@90]TSP ENV 3
Trace>> [     25978][19700101 08:00:28:991][  1619][loadDataFromDB@212]To open/create DB
Trace>> [     26086][19700101 08:00:29:099][  1619][loadDataFromDB@291]CREATE TABLE [t_active_status] ([localVersion] INT NOT NULL,[tspVersion] INT NOT NULL, [tspEnv] INT NOT NULL, [configProtocolVersion] INT NOT NULL,[gbPartData] BOOL NOT NULL, [gbdbData] BOOL NOT NULL,  [toCData] BOOL NOT NULL,  [saleData] BOOL NOT NULL,  [vehicleControl] BOOL NOT NULL, [vehicleAlert] BOOL NOT NULL, [remoteDiag] BOOL NOT NULL,  [BTKey] BOOL NOT NULL, [gbDirectLink] BOOL NOT NULL, [tspConnApn] INT NOT NULL, [gbPort] INT NOT NULL, [gbUrl] TEXT, [rescuePhone] TEXT, [privateNetAPN] TEXT, [privateNetAPNUsr] TEXT, [privateNetAPNPwd] TEXT, [tspTcpServerUrl] TEXT, [tspTcpServerPort] INT, [mqttServerUrl] TEXT,  [mqttServerPort] INT, [PKIServerPort] INT, [PKIServerUrl] TEXT, [publicNetAPN] TEXT, [publicNetAPNUsr] TEXT, [publicNetAPNPwd] TEXT, [bigDataServerUrl] TEXT,  [salesDataServerUrl] TEXT, [diagCommonUrlPrifex] TEXT, [logUploadServerUrl] TEXT, [BLEResetTimer] INT, [MCUResetTimer] INT, [MPUResetTimer] INT);
Trace>> [     26129][19700101 08:00:29:141][  1619][loadDataFromDB@293]CREATE TABLE [t_active_status] ([localVersion] INT NOT NULL,[tspVersion] INT NOT NULL, [tspEnv] INT NOT NULL, [configProtocolVersion] INT NOT NULL,[gbPartData] BOOL NOT NULL, [gbdbData] BOOL NOT NULL,  [toCData] BOOL NOT NULL,  [saleData] BOOL NOT NULL,  [vehicleControl] BOOL NOT NULL, [vehicleAlert] BOOL NOT NULL, [remoteDiag] BOOL NOT NULL,  [BTKey] BOOL NOT NULL, [gbDirectLink] BOOL NOT NULL, [tspConnApn] INT NOT NULL, [gbPort] INT NOT NULL, [gbUrl] TEXT, [rescuePhone] TEXT, [privateNetAPN] TEXT, [privateNetAPNUsr] TEXT, [privateNetAPNPwd] TEXT, [tspTcpServerUrl] TEXT, [tspTcpServerPort] INT, [mqttServerUrl] TEXT,  [mqttServerPort] INT, [PKIServerPort] INT, [PKIServerUrl] TEXT, [publicNetAPN] TEXT, [publicNetAPNUsr] TEXT, [publicNetAPNPwd] TEXT, [bigDataServerUrl] TEXT,  [salesDataServerUrl] TEXT, [diagCommonUrlPrifex] TEXT, [logUploadServerUrl] TEXT, [BLEResetTimer] INT, [MCUResetTimer] INT, [MPUResetTimer] INT); execute res 0
Debug>> [     26150][19700101 08:00:29:163][  1619][addConfigRecord@438]execute insert into t_active_status (localVersion, tspVersion, configProtocolVersion, gbPartData, gbdbData, toCData, saleData, vehicleControl, vehicleAlert, remoteDiag, BTKey, gbDirectLink, tspConnApn, gbPort, gbUrl, rescuePhone, privateNetAPN, privateNetAPNUsr, privateNetAPNPwd, tspTcpServerUrl, tspTcpServerPort, mqttServerUrl, mqttServerPort, PKIServerPort, PKIServerUrl, publicNetAPN, publicNetAPNUsr, publicNetAPNPwd, bigDataServerUrl, salesDataServerUrl, diagCommonUrlPrifex, logUploadServerUrl, tspEnv, BLEResetTimer, MCUResetTimer, MPUResetTimer) values(1, 1, 1, 1, 1, 1, 1, 1, 1, 1, 1, 0, 0, 0,'', '02160309063', 'scwm01s.cdiot', '', '', '10.23.10.16', 1888,  'tcp://tbox-broker-uat.wm-motor.cn', 1884, 0, '', 'scuiot', '', '',  'https://wm-gateway-center-uat.wm-motor.com/dc-service/dc/file/v2/upload/gbdata', 'https://wm-gateway-center-uat.wm-motor.com/dc-service/dc/file/v2/upload/companydata', 'https://dc.wm-leasing.net/api/vehicle/dota/', 'https://wm-gateway-center-uat.wm-motor.com/dc-service/dc/file/v2/upload/tbox/buriedpoint', 3, 720, 720, 720) res 1
Trace>> [     49498][20210819 16:40:25:131][  3117][main@57]RemoteConfig Build time: [Aug 19 2021 02:47:13]
Trace>> [     49613][20210819 16:40:25:246][  3117][start@72] Start IPC finish
Trace>> [     49614][20210819 16:40:25:247][  3117][WM_TBOX_RemoteConfig_Manager@44]Create a shared memory segment 98306

Trace>> [     49614][20210819 16:40:25:247][  3117][WM_TBOX_RemoteConfig_Manager@57]Size of memory segment is 4096 bytes.Number of attach 1

Trace>> [     49614][20210819 16:40:25:247][  3117][getDefaultConfig@79]To get default configuration
Trace>> [     49615][20210819 16:40:25:248][  3117][getDefaultConfig@90]TSP ENV 3
Trace>> [     49616][20210819 16:40:25:249][  3117][loadDataFromDB@212]To open/create DB
Trace>> [     49624][20210819 16:40:25:257][  3117][loadDataFromDB@228]To get config from database
Trace>> [     49624][20210819 16:40:25:257][  3117][resetTspEnvInfo@311]TSP ENV 3
Trace>> [     49624][20210819 16:40:25:257][  3117][start@354]To generate key
Trace>> [     49624][20210819 16:40:25:257][  3117][sendAPPIPCMessage@88]Send IPC msgId 103
Trace>> [     49640][20210819 16:40:25:273][  3117][
Trace>> [     24560][19700101 08:08:16:573][  1635][main@57]RemoteConfig Build time: [Aug 19 2021 02:47:13]
Trace>> [     24713][19700101 08:08:16:726][  1635][start@72] Start IPC finish
Error>> [     25715][19700101 08:08:17:728][  1635][initShmStruct@127]ID[0] Negative, Init 3590520833 again:0

Trace>> [     25715][19700101 08:08:17:728][  1635][WM_TBOX_RemoteConfig_Manager@44]Create a shared memory segment 98306

Trace>> [     25715][19700101 08:08:17:728][  1635][WM_TBOX_RemoteConfig_Manager@57]Size of memory segment is 4096 bytes.Number of attach 1

Trace>> [     25718][19700101 08:08:17:731][  1635][getDefaultConfig@79]To get default configuration
Trace>> [     25718][19700101 08:08:17:731][  1635][getDefaultConfig@90]TSP ENV 3
Trace>> [     25724][19700101 08:08:17:737][  1635][loadDataFromDB@212]To open/create DB
Trace>> [     25836][19700101 08:08:17:849][  1635][loadDataFromDB@228]To get config from database
Trace>> [     25837][19700101 08:08:17:850][  1635][resetTspEnvInfo@311]TSP ENV 3
Trace>> [     25838][19700101 08:08:17:851][  1635][start@354]To generate key
Trace>> [     25838][19700101 08:08:17:851][  1635][sendAPPIPCMessage@88]Send IPC msgId 103
Trace>> [     25840][19700101 08:08:17:853][  1635][requestCheckConfig@1120]m_Config.localVer: 1, m_Config.tspVer 1, request config check
Trace>> [     25840][19700101 08:08:17:853][  1635][sendAPPIPCMessage@88]Send IPC msgId 101
Trace>> [     32739][19700101 08:08:24:752][  1642][onIPCMessage@109]To handle msg 306 from 1
Trace>> [     32739][19700101 08:08:24:752][  1642][onSysPwrStatus@162][Sys pwd mode] Mode: 2, KL30 1, KL15 1
Trace>> [     54641][20210819 16:48:19:300][  1642][onIPCMessage@109]To handle msg 306 from 1
Trace>> [     54641][20210819 16:48:19:300][  1642][onSysPwrStatus@162][Sys pwd mode] Mode: 2, KL30 1, KL15 1
Trace>> [   2938067][20210819 17:36:22:726][  1642][onIPCMessage@109]To handle msg 306 from 1
Trace>> [   2938069][20210819 17:36:22:728][  1642][onSysPwrStatus@162][Sys pwd mode] Mode: 2, KL30 1, KL15 0
Trace>> [   3555522][20210819 17:46:40:182][  1642][onIPCMessage@109]To handle msg 301 from 1
Trace>> [   3555523][20210819 17:46:40:182][  1642][setAppWorkStaus@2324]To set App 5 working status as 2
Trace>> [   3562096][20210820 10:43:52:608][  1642][onIPCMessage@109]To handle msg 303 from 1
Trace>> [   3562096][20210820 10:43:52:609][  1642][setAppWorkStaus@2324]To set App 5 working status as 2
Trace>> [   3566282][20210820 10:43:56:795][  1642][onIPCMessage@109]To handle msg 306 from 1
Trace>> [   3566282][20210820 10:43:56:795][  1642][onSysPwrStatus@162][Sys pwd mode] Mode: 2, KL30 1, KL15 1
Trace>> [   7760881][20210820 11:53:51:393][  1642][onIPCMessage@109]To handle msg 306 from 1
Trace>> [   7760882][20210820 11:53:51:395][  1642][onSysPwrStatus@162][Sys pwd mode] Mode: 2, KL30 1, KL15 0
Trace>> [   7774013][20210820 11:54:04:526][  1642][onIPCMessage@109]To handle msg 306 from 1
Trace>> [   7774013][20210820 11:54:04:526][  1642][onSysPwrStatus@162][Sys pwd mode] Mode: 2, KL30 1, KL15 1
Trace>> [   8517487][20210820 12: