[2021/08/20 12:03:19 357] [ICEHUSender.Proxy][D][Server.cpp:43:Init] deviceType=vcu softwareType=vcu package=/wm/update/package/vcu/vcu/accm_VDG0014503.zip_signed
[2021/08/20 12:03:19 358] [ICEHUSender.Proxy][D][prepare_state.cpp:33:DoAction] PrepareState doAction
[2021/08/20 12:03:21 003] [FOTA#DoIP][D][WM_FOTA_DoIPClient.cpp:203:RegisterDoIPCallback] RegisterDoIPCallback callback
[2021/08/20 12:03:21 003] [FOTA#DoIP][D][WM_FOTA_DoIPClient.cpp:310:CreateUdpSocket] Socket create OK, [m_udpClientSfd: 4]
[2021/08/20 12:03:21 003] [FOTA#DoIP][D][WM_FOTA_DoIPClient.cpp:244:CreateVehicleDiscoverBuf] enter WM_FOTA_DoIPClient::CreateVehicleDiscoverBuf
[2021/08/20 12:03:21 004] [FOTA#DoIP][D][WM_FOTA_DoIPClient.cpp:68:PrintSocketIPAndPort] sock = 4
[2021/08/20 12:03:21 004] [FOTA#DoIP][D][WM_FOTA_DoIPClient.cpp:81:PrintSocketIPAndPort] Source IP = 0.0.0.0, Port = 45819
[2021/08/20 12:03:21 004] [FOTA#DoIP][D][WM_FOTA_DoIPClient.cpp:87:PrintSocketIPAndPort] Get Target IP/Port error: Transport endpoint is not connected(errno: 107))
[2021/08/20 12:03:21 004] [FOTA#DoIP][D][WM_FOTA_DoIPClient.cpp:335:SendVehicleDiscover] Send VehicleDiscover OK SocketSendSize:8, iBufSize:8, m_udpClientSfd = 4
[2021/08/20 12:03:21 005] [FOTA#Upgrade][D][WM_FOTA_FlashECUIF.cpp:152:InitRoute] Request VehicleDiscover OK
[2021/08/20 12:03:21 516] [FOTA#DoIP][D][WM_FOTA_DoIPMessageRecvThread.cpp:869:Run] source ip is 172.16.0.1
[2021/08/20 12:03:21 516] [FOTA#DoIP][D][WM_FOTA_DoIPMessageRecvThread.cpp:870:Run] recevdata iRecvMessageLength=40
[2021/08/20 12:03:21 516] [FOTA#DoIP][D][WM_FOTA_DoIPMessageRecvThread.cpp:890:Run] ---(*itCallback)->RecVehicleDiscoverMsg(iRecvMessageLength)---
[2021/08/20 12:03:21 516] [FOTA#DoIP][D][WM_FOTA_DoIPCallback.cpp:144:RecVehicleDiscoverMsg] WM_FOTA_DoIPCallback::RecVehicleDiscoverMsg-->iRecvMessageLength=40
[2021/08/20 12:03:21 517] [FOTA#Upgrade][D][WM_FOTA_FlashECUIF.cpp:164:InitRoute] ---RequestVehicleActivation---
[2021/08/20 12:03:21 517] [FOTA#DoIP][D][WM_FOTA_DoIPClient.cpp:469:RequestRoutingActivation] CreateTcpSocket success [m_tcpClientSfd: 35]
[2021/08/20 12:03:21 521] [FOTA#DoIP][D][WM_FOTA_DoIPClient.cpp:479:RequestRoutingActivation] Connect GateWay success
[2021/08/20 12:03:21 521] [FOTA#DoIP][D][WM_FOTA_DoIPClient.cpp:68:PrintSocketIPAndPort] sock = 35
[2021/08/20 12:03:21 521] [FOTA#DoIP][D][WM_FOTA_DoIPClient.cpp:81:PrintSocketIPAndPort] Source IP = 172.16.2.35, Port = 54661
[2021/08/20 12:03:21 521] [FOTA#DoIP][D][WM_FOTA_DoIPClient.cpp:90:PrintSocketIPAndPort] Target IP = 172.16.0.1, Port = 13400
[2021/08/20 12:03:21 521] [FOTA#Upgrade][D][WM_FOTA_FlashECUIF.cpp:174:InitRoute] ---RequestVehicleActivationWaitResponse---
[2021/08/20 12:03:26 519] [FOTA#DoIP][D][WM_FOTA_DoIPMessageRecvThread.cpp:681:Run] m_udpSfd=4, m_tcpSfd=35, m_ethTcpSfd=0, maxfds=5
[2021/08/20 12:03:26 519] [FOTA#DoIP][D][WM_FOTA_DoIPMessageRecvThread.cpp:682:Run] DoIP select timeout
[2021/08/20 12:03:26 520] [FOTA#DoIP][D][WM_FOTA_DoIPMessageRecvThread.cpp:251:ResponseRoutingActivation] ResponseRoutingActivation Info, [externalLA: 23, entityLA: 1, responseCode: 10]
[2021/08/20 12:03:26 520] [FOTA#DoIP][D][WM_FOTA_DoIPMessageRecvThread.cpp:256:ResponseRoutingActivation] RoutingActivation Success
[2021/08/20 12:03:26 520] [FOTA#DoIP][D][WM_FOTA_DoIPMessageRecvThread.cpp:527:HandleDoIPMessage] ###DOIP_PAYLOAD_TYPE_ROUTING_ACTIVATION_RESPONSE###
[2021/08/20 12:03:26 520] [FOTA#Upgrade][D][WM_FOTA_FlashECUIF.cpp:181:InitRoute] sleep 5s =====================================
[2021/08/20 12:03:31 521] [ICEHUSender.Proxy][D][install_state.cpp:37:DoAction] InstallState doAction start
[2021/08/20 12:03:31 521] [ICEHUSender.Proxy][D][install_state.cpp:39:DoAction] create update object, deviceType=vcu
[2021/08/20 12:03:31 521] [ICEHUSender.Proxy][D][UpdateECU.cpp:72:DoActive] ecu type = 0, zipDirName = vcu, zipPackagePath = /wm/update/package/vcu/vcu/accm_VDG0014503.zip_signed
[2021/08/20 12:03:31 521] [FOTA#Upgrade][D][WM_FOTA_FlashECUIF.cpp:218:DoUpgrade] WM_FOTA_FlashECUIF DoUpgrade begin
[2021/08/20 12:03:31 521] [FOTA#Upgrade][D][WM_FOTA_FlashECUIF.cpp:224:DoUpgrade] DoUpgrade ECU 0
[2021/08/20 12:03:31 521] [FOTA#Upgrade][D][WM_FOTA_FlashECU_Base.cpp:80:DoUpgrade] DoUpgrade ECU 0 begin
[2021/08/20 12:03:31 521] [FOTA#Upgrade][D][WM_FOTA_FlashECU_Base.cpp:82:DoUpgrade] Initialize start
[2021/08/20 12:03:31 522] [FOTA#Upgrade][E][WM_FOTA_FlashECU_Base.cpp:269:PraseConfigJson] pEntry is NULL

[2021/08/20 12:03:31 522] [FOTA#Upgrade][E][WM_FOTA_FlashECU_Base.cpp:383:EcuImageInit] PraseConfigJson error!
[2021/08/20 12:03:31 522] [FOTA#Upgrade][E][WM_FOTA_FlashECU_Base.cpp:84:DoUpgrade] Initialize error
[2021/08/20 12:03:31 522] [FOTA#DoIP][D][WM_FOTA_DoIPMessageRecvThread.cpp:681:Run] m_udpSfd=4, m_tcpSfd=35, m_ethTcpSfd=0, maxfds=36
[2021/08/20 12:03:31 522] [FOTA#DoIP][D][WM_FOTA_DoIPMessageRecvThread.cpp:682:Run] DoIP select timeout
[2021/08/20 12:03:31 523] [FOTA#Upgrade][D][WM_FOTA_FlashECUIF.cpp:300:DoUpgrade] WM_FOTA_FlashECUIF DoUpgrade end
[2021/08/20 12:03:31 523] [ICEHUSender.Proxy][D][install_state.cpp:49:DoAction] update vcu vcu error
[2021/08/20 12:03:31 523] [ICEHUSender.Proxy][D][main.cpp:33:main] update engine server state error
[2021/08/20 12:03:45 068] [ICEHUSender.Proxy][D][Server.cpp:43:Init] deviceType=vcu softwareType=vcu package=/wm/update/package/vcu/vcu/accm_VDG0014503.zip_signed
[2021/08/20 12:03:45 068] [ICEHUSender.Proxy][D][prepare_state.cpp:33:DoAction] PrepareState doAction
[2021/08/20 12:03:46 515] [FOTA#DoIP][D][WM_FOTA_DoIPClient.cpp:203:RegisterDoIPCallback] RegisterDoIPCallback callback
[2021/08/20 12:03:46 516] [FOTA#DoIP][D][WM_FOTA_DoIPClient.cpp:310:CreateUdpSocket] Socket create OK, [m_udpClientSfd: 4]
[2021/08/20 12:03:46 516] [FOTA#DoIP][D][WM_FOTA_DoIPClient.cpp:244:CreateVehicleDiscoverBuf] enter WM_FOTA_DoIPClient::CreateVehicleDiscoverBuf
[2021/08/20 12:03:46 516] [FOTA#DoIP][D][WM_FOTA_DoIPClient.cpp:68:PrintSocketIPAndPort] sock = 4
[2021/08/20 12:03:46 517] [FOTA#DoIP][D][WM_FOTA_DoIPClient.cpp:81:PrintSocketIPAndPort] Source IP = 0.0.0.0, Port = 60942
[2021/08/20 12:03:46 517] [FOTA#DoIP][D][WM_FOTA_DoIPClient.cpp:87:PrintSocketIPAndPort] Get Target IP/Port error: Transport endpoint is not connected(errno: 107))
[2021/08/20 12:03:46 517] [FOTA#DoIP][D][WM_FOTA_DoIPClient.cpp:335:SendVehicleDiscover] Send VehicleDiscover OK SocketSendSize:8, iBufSize:8, m_udpClientSfd = 4
[2021/08/20 12:03:46 517] [FOTA#Upgrade][D][WM_FOTA_FlashECUIF.cpp:152:InitRoute] Request VehicleDiscover OK
[2021/08/20 12:03:47 016] [FOTA#DoIP][D][WM_FOTA_DoIPMessageRecvThread.cpp:869:Run] source ip is 172.16.0.1
[2021/08/20 12:03:47 016] [FOTA#DoIP][D][WM_FOTA_DoIPMessageRecvThread.cpp:870:Run] recevdata iRecvMessageLength=40
[2021/08/20 12:03:47 016] [FOTA#DoIP][D][WM_FOTA_DoIPMessageRecvThread.cpp:890:Run] ---(*itCallback)->RecVehicleDiscoverMsg(iRecvMessageLength)---
[2021/08/20 12:03:47 016] [FOTA#DoIP][D][WM_FOTA_DoIPCallback.cpp:144:RecVehicleDiscoverMsg] WM_FOTA_DoIPCallback::RecVehicleDiscoverMsg-->iRecvMessageLength=40
[2021/08/20 12:03:47 016] [FOTA#Upgrade][D][WM_FOTA_FlashECUIF.cpp:164:InitRoute] ---RequestVehicleActivation---
[2021/08/20 12:03:47 017] [FOTA#DoIP][D][WM_FOTA_DoIPClient.cpp:469:RequestRoutingActivation] CreateTcpSocket success [m_tcpClientSfd: 35]
[2021/08/20 12:03:47 022] [FOTA#DoIP][D][WM_FOTA_DoIPClient.cpp:479:RequestRoutingActivation] Connect GateWay success
[2021/08/20 12:03:47 022] [FOTA#DoIP][D][WM_FOTA_DoIPClient.cpp:68:PrintSocketIPAndPort] sock = 35
[2021/08/20 12:03:47 022] [FOTA#DoIP][D][WM_FOTA_DoIPClient.cpp:81:PrintSocketIPAndPort] Source IP = 172.16.2.35, Port = 54665
[2021/08/20 12:03:47 022] [FOTA#DoIP][D][WM_FOTA_DoIPClient.cpp:90:PrintSocketIPAndPort] Target IP = 172.16.0.1, Port = 13400
[2021/08/20 12:03:47 022] [FOTA#Upgrade][D][WM_FOTA_FlashECUIF.cpp:174:InitRoute] ---RequestVehicleActivationWaitResponse---
[2021/08/20 12:03:52 019] [FOTA#DoIP][D][WM_FOTA_DoIPMessageRecvThread.cpp:681:Run] m_udpSfd=4, m_tcpSfd=35, m_ethTcpSfd=0, maxfds=5
[2021/08/20 12:03:52 019] [FOTA#DoIP][D][WM_FOTA_DoIPMessageRecvThread.cpp:682:Run] DoIP select timeout
[2021/08/20 12:03:52 020] [FOTA#DoIP][D][WM_FOTA_DoIPMessageRecvThread.cpp:251:ResponseRoutingActivation] ResponseRoutingActivation Info, [externalLA: 23, entityLA: 1, responseCode: 10]
[2021/08/20 12:03:52 020] [FOTA#DoIP][D][WM_FOTA_DoIPMessageRecvThread.cpp:256:ResponseRoutingActivation] RoutingActivation Success
[2021/08/20 12:03:52 020] [FOTA#DoIP][D][WM_FOTA_DoIPMessageRecvThread.cpp:527:HandleDoIPMessage] ###DOIP_PAYLOAD_TYPE_ROUTING_ACTIVATION_RESPONSE###
[2021/08/20 12:03:52 020] [FOTA#Upgrade][D][WM_FOTA_FlashECUIF.cpp:181:InitRoute] sleep 5s =====================================
[2021/08/20 12:03:57 020] [ICEHUSender.Proxy][D][install_state.cpp:37:DoAction] InstallState doAction start
[2021/08/20 12:03:57 021] [ICEHUSender.Proxy][D][install_state.cpp:39:DoAction] create update object, deviceType=vcu
[2021/08/20 12:03:57 021] [ICEHUSender.Proxy][D][UpdateECU.cpp:72:DoActive] ecu type = 0, zipDirName = vcu, zipPackagePath = /wm/update/package/vcu/vcu/accm_VDG0014503.zip_signed
[2021/08/20 12:03:57 021] [FOTA#Upgrade][D][WM_FOTA_FlashECUIF.cpp:218:DoUpgrade] WM_FOTA_FlashECUIF DoUpgrade begin
[2021/08/20 12:03:57 021] [FOTA#Upgrade][D][WM_FOTA_FlashECUIF.cpp:224:DoUpgrade] DoUpgrade ECU 0
[2021/08/20 12:03:57 021] [FOTA#Upgrade][D][WM_FOTA_FlashECU_Base.cpp:80:DoUpgrade] DoUpgrade ECU 0 begin
[2021/08/20 12:03:57 021] [FOTA#Upgrade][D][WM_FOTA_FlashECU_Base.cpp:82:DoUpgrade] Initialize start
[2021/08/20 12:03:57 022] [FOTA#Upgrade][E][WM_FOTA_FlashECU_Base.cpp:269:PraseConfigJson] pEntry is NULL

[2021/08/20 12:03:57 022] [FOTA#Upgrade][E][WM_FOTA_FlashECU_Base.cpp:383:EcuImageInit] PraseConfigJson error!
[2021/08/20 12:03:57 022] [FOTA#Upgrade][E][WM_FOTA_FlashECU_Base.cpp:84:DoUpgrade] Initialize error
[2021/08/20 12:03:57 022] [FOTA#Upgrade][D][WM_FOTA_FlashECUIF.cpp:300:DoUpgrade] WM_FOTA_FlashECUIF DoUpgrade end
[2021/08/20 12:03:57 022] [ICEHUSender.Proxy][D][install_state.cpp:49:DoAction] update vcu vcu error
[2021/08/20 12:03:57 022] [FOTA#DoIP][D][WM_FOTA_DoIPMessageRecvThread.cpp:681:Run] m_udpSfd=4, m_tcpSfd=35, m_ethTcpSfd=0, maxfds=36
[2021/08/20 12:03:57 022] [FOTA#DoIP][D][WM_FOTA_DoIPMessageRecvThread.cpp:682:Run] DoIP select timeout
[2021/08/20 12:03:57 022] [ICEHUSender.Proxy][D][main.cpp:33:main] update engine server state error
