3 
[027 08-18,18:32:14] NM Wake up switch: 1,wake_source:12 
[028 08-18,18:32:14] request to wakeup the local CAN network 
[029 08-18,18:32:14] ASR_NM=4 
[030 08-18,18:32:15] ASR_NM cyc=4 
[031 08-18,18:32:15] LTE CSQ =  31
[032 08-18,18:32:15] URC state notify:0
[033 08-18,18:32:18] LTE CSQ =  31
[034 08-18,18:32:18] NMWakeSrc0=12, PowerWakeSrc=12
[035 08-18,18:32:21] LTE CSQ =  30
[036 08-18,18:32:21] Havp: Sync Phone ID 0 
[037 08-18,18:32:24] LTE CSQ =  30
[038 08-18,18:32:25] URC state notify:0
[039 08-18,18:32:27] LTE CSQ =  30
[040 08-18,18:32:28] NMWakeSrc0=12, PowerWakeSrc=12
[041 08-18,18:32:29] MPU requests CanNetwork info: DType=1, MsgType=1, len=3. 
[042 08-18,18:32:29] CANNM ShortLivedControl:1,time=120 s!
[043 08-18,18:32:29] [MPU]CANNM control to wake-up. timeout=12000 
[044 08-18,18:32:29] AsrNM_Curr01 = 4 
[045 08-18,18:32:29] MPU requests CanNetwork info: DType=2, MsgType=1, len=1. 
[046 08-18,18:32:29] CAN network status is wake-up. 
[047 08-18,18:32:29] AsrNM_Curr03 = 4 
[048 08-18,18:32:29] ASR_NM cyc=4 
[049 08-18,18:32:30] MPU requests CanNetwork info: DType=1, MsgType=1, len=3. 
[050 08-18,18:32:30] CANNM ShortLivedControl:1,time=120 s!
[051 08-18,18:32:30] [MPU]CANNM control to wake-up. timeout=12000 
[052 08-18,18:32:30] AsrNM_Curr01 = 4 
[053 08-18,18:32:30] MPU requests CanNetwork info: DType=2, MsgType=1, len=1. 
[054 08-18,18:32:30] CAN network status is wake-up. 
[055 08-18,18:32:30] AsrNM_Curr03 = 4 
[056 08-18,18:32:30] LTE CSQ =  30
[057 08-18,18:32:31] Havp: Sync Phone ID 0 
[058 08-18,18:32:33] LTE CSQ =  30
[059 08-18,18:32:35] URC state notify:0
[060 08-18,18:32:36] LTE CSQ =  30
[061 08-18,18:32:38] NMWakeSrc0=12, PowerWakeSrc=12
[062 08-18,18:32:39] LTE CSQ =  31
[063 08-18,18:32:41] Havp: Sync Phone ID 0 
[064 08-18,18:32:43] LTE CSQ =  30
[065 08-18,18:32:44] ASR_NM cyc=4 
[066 08-18,18:32:45] URC state notify:0
[067 08-18,18:32:46] LTE CSQ =  31
[068 08-18,18:32:48] NMWakeSrc0=12, PowerWakeSrc=12
[069 08-18,18:32:49] LTE CSQ =  30
[070 08-18,18:32:50] response: product information to mpu. 
[071 08-18,18:32:51] Havp: Sync Phone ID 0 
[072 08-18,18:32:52] LTE CSQ =  30
[073 08-18,18:32:55] URC state notify:0
[074 08-18,18:32:55] LTE CSQ =  30
[075 08-18,18:32:58] NMWakeSrc0=12, PowerWakeSrc=12
[076 08-18,18:32:58] LTE CSQ =  30
[077 08-18,18:32:59] ASR_NM cyc=4 
[078 08-18,18:33:01] Havp: Sync Phone ID 0 
[079 08-18,18:33:01] LTE CSQ =  30
[080 08-18,18:33:04] LTE CSQ =  30
[081 08-18,18:33:05] URC state notify:0
[082 08-18,18:33:07] LTE CSQ =  30
[083 08-18,18:33:08] NMWakeSrc0=12, PowerWakeSrc=12
[084 08-18,18:33:11] LTE CSQ =  31
[085 08-18,18:33:11] Havp: Sync Phone ID 0 
[086 08-18,18:33:14] LTE CSQ =  30
[087 08-18,18:33:14] ASR_NM cyc=4 
[088 08-18,18:33:15] URC state notify:0
[089 08-18,18:33:17] LTE CSQ =  30
[090 08-18,18:33:18] AP sync time [2021-08-18,18:33:18]
[091 08-18,18:33:18] NMWakeSrc0=12, PowerWakeSrc=12
[092 08-18,18:33:20] LTE CSQ =  30
[093 08-18,18:33:21] Havp: Sync Phone ID 0 
[094 08-18,18:33:23] LTE CSQ =  30
[095 08-18,18:33:25] URC state notify:0
[096 08-18,18:33:26] LTE CSQ =  31
[097 08-18,18:33:28] NMWakeSrc0=12, PowerWakeSrc=12
[098 08-18,18:33:29] ASR_NM cyc=4 
[099 08-18,18:33:29] LTE CSQ =  31
[100 08-18,18:33:31] Havp: Sync Phone ID 0 
[101 08-18,18:33:32] LTE CSQ =  31
[102 08-18,18:33:35] URC state notify:0
[103 08-18,18:33:36] LTE CSQ =  31
[104 08-18,18:33:38] NMWakeSrc0=12, PowerWakeSrc=12
[105 08-18,18:33:39] LTE CSQ =  30
[106 08-18,18:33:39] AP sync time [2021-08-18,18:33:40]
[107 08-18,18:33:41] Havp: Sync Phone ID 0 
[108 08-18,18:33:42] LTE CSQ =  31
[109 08-18,18:33:44] ASR_NM cyc=4 
[110 08-18,18:33:45] URC state notify:0
[111 08-18,18:33:45] LTE CSQ =  31
[112 08-18,18:33:48] NMWakeSrc0=12, PowerWakeSrc=12
[113 08-18,18:33:48] LTE CSQ =  30
[114 08-18,18:33:49] response: product information to mpu. 
[115 08-18,18:33:51] Havp: Sync Phone ID 0 
[116 08-18,18:33:52] LTE CSQ =  30
[117 08-18,18:33:55] LTE CSQ =  30
[118 08-18,18:33:55] URC state notify:0
[119 08-18,18:33:58] NMWakeSrc0=12, PowerWakeSrc=12
[120 08-18,18:33:58] LTE CSQ =  31
[121 08-18,18:33:59] ASR_NM cyc=4 
[122 08-18,18:34:01] Havp: Sync Phone ID 0 
[123 08-18,18:34:01] LTE CSQ =  31
[124 08-18,18:34:04] LTE CSQ =  30
[125 08-18,18:34:05] URC state notify:0
[126 08-18,18:34:07] LTE CSQ =  31
[127 08-18,18:34:08] NMWakeSrc0=12, PowerWakeSrc=12
[128 08-18,18:34:10] LTE CSQ =  30
[129 08-18,18:34:11] Havp: Sync Phone ID 0 
[130 08-18,18:34:13] LTE CSQ =  30
[131 08-18,18:34:14] ASR_NM cyc=4 
[132 08-18,18:34:15] URC state notify:0
[133 08-18,18:34:17] LTE CSQ =  30
[134 08-18,18:34:17] NMWakeSrc0=12, PowerWakeSrc=12
[135 08-18,18:34:20] LTE CSQ =  30
[136 08-18,18:34:21] Havp: Sync Phone ID 0 
[137 08-18,18:34:23] LTE CSQ =  31
[138 08-18,18:34:25] URC state notify:0
[139 08-18,18:34:26] LTE CSQ =  31
[140 08-18,18:34:27] NMWakeSrc0=12, PowerWakeSrc=12
[141 08-18,18:34:29] ASR_NM cyc=4 
[142 08-18,18:34:29] NM Wake up switch: 0 
[143 08-18,18:34:29] request to release the CAN network 
[144 08-18,18:34:29] ASR_NM=3 
[145 08-18,18:34:29] LTE CSQ =  31
[146 08-18,18:34:30] Havp: Sync Phone ID 0 
[147 08-18,18:34:31] ASR_NM=2 
[148 08-18,18:34:31] thermal run away: Msg11D[0]=0,Msg119[0]=0
[149 08-18,18:34:32] LTE CSQ =  30
[150 08-18,18:34:33] ASR_NM=1 
[151 08-18,18:34:36] URC state notify:0
[152 08-18,18:34:36] Eth0:cable:1,sqi(0,0),IGW(0,2)
[153 08-18,18:34:38] NMWakeSrc0=0, PowerWakeSrc=7
[154 08-18,18:34:39] LTE CSQ =  30
[155 08-18,18:34:41] Havp: Sync Phone ID 0 
[156 08-18,18:34:42] LTE CSQ =  30
[157 08-18,18:34:45] ASR_NM cyc=1 
[158 08-18,18:34:45] LTE CSQ =  31
[159 08-18,18:34:46] URC state notify:0
[160 08-18,18:34:48] NMWakeSrc0=0, PowerWakeSrc=7
[161 08-18,18:34:48] LTE CSQ =  31
[162 08-18,18:34:50] response: product information to mpu. 
[163 08-18,18:34:51] Havp: Sync Phone ID 0 
[164 08-18,18:34:52] LTE CSQ =  31
[165 08-18,18:34:55] LTE CSQ =  31
[166 08-18,18:34:55] URC state notify:0
[167 08-18,18:34:58] LTE CSQ =  30
[168 08-18,18:34:58] NMWakeSrc0=0, PowerWakeSrc=7
[169 08-18,18:34:59] ASR_NM cyc=1 
[170 08-18,18:35:01] LTE CSQ =  30
[171 08-18,18:35:01] Havp: Sync Phone ID 0 
[172 08-18,18:35:04] LTE CSQ =  30
[173 08-18,18:35:05] URC state notify:0
[174 08-18,18:35:07] LTE CSQ =  30
[175 08-18,18:35:08] NMWakeSrc0=0, PowerWakeSrc=7
[176 08-18,18:35:11] LTE CSQ =  31
[177 08-18,18:35:11] Havp: Sync Phone ID 0 
[178 08-18,18:35:14] LTE CSQ =  31
[179 08-18,18:35:14] ASR_NM cyc=1 
[180 08-18,18:35:15] URC state notify:0
[181 08-18,18:35:17] LTE CSQ =  30
[182 08-18,18:35:18] NMWakeSrc0=0, PowerWakeSrc=7
[183 08-18,18:35:20] LTE CSQ =  30
[184 08-18,18:35:21] Havp: Sync Phone ID 0 
[185 08-18,18:35:23] LTE CSQ =  30
[186 08-18,18:35:25] URC state notify:0
[187 08-18,18:35:26] LTE CSQ =  31
[188 08-18,18:35:28] NMWakeSrc0=0, PowerWakeSrc=7
[189 08-18,18:35:29] ASR_NM cyc=1 
[190 08-18,18:35:29] LTE CSQ =  30
[191 08-18,18:35:31] Havp: Sync Phone ID 0 
[192 08-18,18:35:32] LTE CSQ =  30
[193 08-18,18:35:35] URC state notify:0
[194 08-18,18:35:36] LTE CSQ =  31
[195 08-18,18:35:38] NMWakeSrc0=0, PowerWakeSrc=7
[196 08-18,18:35:39] LTE CSQ =  30
[197 08-18,18:35:41] Havp: Sync Phone ID 0 
[198 08-18,18:35:42] LTE CSQ =  31
[199 08-18,18:35:44] ASR_NM cyc=1 
[200 08-18,18:35:45] LTE CSQ =  31
[201 08-18,18:35:45] URC state notify:0
[202 08-18,18:35:48] NMWakeSrc0=0, PowerWakeSrc=7
[203 08-18,18:35:48] LTE CSQ =  31
[204 08-18,18:35:49] response: product information to mpu. 
[205 08-18,18:35:51] Havp: Sync Phone ID 0 
[206 08-18,18:35:51] LTE CSQ =  31
[207 08-18,18:35:54] LTE CSQ =  31
[208 08-18,18:35:55] URC state notify:0
[209 08-18,18:35:57] NMWakeSrc0=0, PowerWakeSrc=7
[210 08-18,18:35:58] LTE CSQ =  31
[211 08-18,18:35:59] ASR_NM cyc=1 
[212 08-18,18:36:01] Havp: Sync Phone ID 0 
[213 08-18,18:36:01] LTE CSQ =  31
[214 08-18,18:36:04] LTE CSQ =  31
[215 08-18,18:36:05] URC state notify:0
[216 08-18,18:36:07] LTE CSQ =  31
[217 08-18,18:36:07] NMWakeSrc0=0, PowerWakeSrc=7
[218 08-18,18:36:10] LTE CSQ =  31
[219 08-18,18:36:11] Havp: Sync Phone ID 0 
[220 08-18,18:36:13] LTE CSQ =  31
[221 08-18,18:36:14] ASR_NM cyc=1 
[222 08-18,18:36:15] URC state notify:0
[223 08-18,18:36:17] LTE CSQ =  31
[224 08-18,18:36:18] NMWakeSrc0=0, PowerWakeSrc=7
[225 08-18,18:36:20] LTE CSQ =  31
[226 08-18,18:36:21] Havp: Sync Phone ID 0 
[227 08-18,18:36:24] LTE CSQ =  31
[228 08-18,18:36:26] URC state notify:0
[229 08-18,18:36:27] LTE CSQ =  31
[230 08-18,18:36:28] NMWakeSrc0=0, PowerWakeSrc=7
[231 08-18,18:36:30] ASR_NM cyc=1 
[232 08-18,18:36:30] LTE CSQ =  31
[233 08-18,18:36:31] Havp: Sync Phone ID 0 
[234 08-18,18:36:33] LTE CSQ =  31
[235 08-18,18:36:36] URC state notify:0
[236 08-18,18:36:36] LTE CSQ =  31
[237 08-18,18:36:38] NMWakeSrc0=0, PowerWakeSrc=7
[238 08-18,18:36:39] LTE CSQ =  31
[239 08-18,18:36:41] Havp: Sync Phone ID 0 
[240 08-18,18:36:42] LTE CSQ =  31
[241 08-18,18:36:45] ASR_NM cyc=1 
[242 08-18,18:36:46] LTE CSQ =  31
[243 08-18,18:36:46] URC state notify:0
[244 08-18,18:36:48] NMWakeSrc0=0, PowerWakeSrc=7
[245 08-18,18:36:49] LTE CSQ =  31
[246 08-18,18:36:50] response: product information to mpu. 
[247 08-18,18:36:51] Havp: Sync Phone ID 0 
[248 08-18,18:36:52] LTE CSQ =  31
[249 08-18,18:36:55] LTE CSQ =  31
[250 08-18,18:36:56] URC state notify:0
[251 08-18,18:36:58] NMWakeSrc0=0, PowerWakeSrc=7
[252 08-18,18:36:58] LTE CSQ =  31
[253 08-18,18:36:59] ASR_NM cyc=1 
[254 08-18,18:37:01] LTE CSQ =  31
[255 08-18,18:37:01] Havp: Sync Phone ID 0 
[000 08-18,18:37:04] LTE CSQ =  31
[001 08-18,18:37:06] URC state notify:0
[002 08-18,18:37:07] LTE CSQ =  31
[003 08-18,18:37:08] NMWakeSrc0=0, PowerWakeSrc=7
[004 08-18,18:37:11] LTE CSQ =  31
[005 08-18,18:37:11] Havp: Sync Phone ID 0 
[006 08-18,18:37:14] LTE CSQ =  31
[007 08-18,18:37:14] ASR_NM cyc=1 
[008 08-18,18:37:16] URC state notify:0
[009 08-18,18:37:17] LTE CSQ =  31
[010 08-18,18:37:18] NMWakeSrc0=0, PowerWakeSrc=7
[011 08-18,18:37:20] LTE CSQ =  31
[012 08-18,18:37:21] Havp: Sync Phone ID 0 
[013 08-18,18:37:23] LTE CSQ =  31
[014 08-18,18:37:26] URC state notify:0
[015 08-18,18:37:26] LTE CSQ =  31
[016 08-18,18:37:28] NMWakeSrc0=0, PowerWakeSrc=7
[017 08-18,18:37:29] ASR_NM cyc=1 
[018 08-18,18:37:29] LTE CSQ =  31
[019 08-18,18:37:31] Havp: Sync Phone ID 0 
[020 08-18,18:37:32] LTE CSQ =  31
[021 08-18,18:37:36] LTE CSQ =  31
[022 08-18,18:37:36] URC state notify:0
[023 08-18,18:37:37] NMWakeSrc0=0, PowerWakeSrc=7
[024 08-18,18:37:39] LTE CSQ =  31
[025 08-18,18:37:41] Havp: Sync Phone ID 0 
[026 08-18,18:37:42] LTE CSQ =  31
[027 08-18,18:37:44] ASR_NM cyc=1 
[028 08-18,18:37:45] LTE CSQ =  31
[029 08-18,18:37:46] URC state notify:0
[030 08-18,18:37:47] NMWakeSrc0=0, PowerWakeSrc=7
[031 08-18,18:37:48] LTE CSQ =  31
[032 08-18,18:37:49] response: product information to mpu. 
[033 08-18,18:37:51] Havp: Sync Phone ID 0 
[034 08-18,18:37:51] LTE CSQ =  31
[035 08-18,18:37:54] LTE CSQ =  31
[036 08-18,18:37:56] URC state notify:0
[037 08-18,18:37:57] NMWakeSrc0=0, PowerWakeSrc=7
[038 08-18,18:37:58] LTE CSQ =  31
[039 08-18,18:38:00] ASR_NM cyc=1 
[040 08-18,18:38:02] Havp: Sync Phone ID 0 
[041 08-18,18:38:02] LTE CSQ =  31
[042 08-18,18:38:05] LTE CSQ =  31
[043 08-18,18:38:07] URC state notify:0
[044 08-18,18:38:08] LTE CSQ =  31
[045 08-18,18:38:08] NMWakeSrc0=0, PowerWakeSrc=7
[046 08-18,18:38:11] LTE CSQ =  31
[047 08-18,18:38:11] Havp: Sync Phone ID 0 
[048 08-18,18:38:14] LTE CSQ =  31
[049 08-18,18:38:15] ASR_NM cyc=1 
[050 08-18,18:38:17] URC state notify:0
[051 08-18,18:38:17] LTE CSQ =  31
[052 08-18,18:38:18] NMWakeSrc0=0, PowerWakeSrc=7
[053 08-18,18:38:20] LTE CSQ =  31
[054 08-18,18:38:21] Havp: Sync Phone ID 0 
[055 08-18,18:38:24] LTE CSQ =  31
[056 08-18,18:38:26] URC state notify:0
[057 08-18,18:38:27] LTE CSQ =  31
[058 08-18,18:38:28] NMWakeSrc0=0, PowerWakeSrc=7
[059 08-18,18:38:30] ASR_NM cyc=1 
[060 08-18,18:38:30] LTE CSQ =  31
[061 08-18,18:38:31] Havp: Sync Phone ID 0 
[062 08-18,18:38:33] LTE CSQ =  31
[063 08-18,18:38:36] LTE CSQ =  31
[064 08-18,18:38:36] URC state notify:0
[065 08-18,18:38:38] NMWakeSrc0=0, PowerWakeSrc=7
[066 08-18,18:38:39] LTE CSQ =  30
[067 08-18,18:38:40] AP sync time [2021-08-18,18:38:40]
[068 08-18,18:38:41] Havp: Sync Phone ID 0 
[069 08-18,18:38:42] LTE CSQ =  30
[070 08-18,18:38:44] ASR_NM cyc=1 
[071 08-18,18:38:46] LTE CSQ =  31
[072 08-18,18:38:46] URC state notify:0
[073 08-18,18:38:48] NMWakeSrc0=0, PowerWakeSrc=7
[074 08-18,18:38:49] LTE CSQ =  31
[075 08-18,18:38:50] response: product information to mpu. 
[076 08-18,18:38:51] Havp: Sync Phone ID 0 
[077 08-18,18:38:52] LTE CSQ =  31
[078 08-18,18:38:55] LTE CSQ =  31
[079 08-18,18:38:56] URC state notify:0
[080 08-18,18:38:58] NMWakeSrc0=0, PowerWakeSrc=7
[081 08-18,18:38:58] LTE CSQ =  31
[082 08-18,18:38:59] ASR_NM cyc=1 
[083 08-18,18:39:01] Havp: Sync Phone ID 0 
[084 08-18,18:39:01] LTE CSQ =  31
[085 08-18,18:39:04] LTE CSQ =  31
[086 08-18,18:39:06] URC state notify:0
[087 08-18,18:39:07] LTE CSQ =  31
[088 08-18,18:39:08] NMWakeSrc0=0, PowerWakeSrc=7
[089 08-18,18:39:11] LTE CSQ =  31
[090 08-18,18:39:11] Havp: Sync Phone ID 0 
[091 08-18,18:39:14] LTE CSQ =  31
[092 08-18,18:39:14] ASR_NM cyc=1 
[093 08-18,18:39:16] URC state notify:0
[094 08-18,18:39:17] LTE CSQ =  31
[095 08-18,18:39:18] NMWakeSrc0=0, PowerWakeSrc=7
[096 08-18,18:39:20] LTE CSQ =  31
[097 08-18,18:39:21] Havp: Sync Phone ID 0 
[098 08-18,18:39:23] LTE CSQ =  31
[099 08-18,18:39:26] URC state notify:0
[100 08-18,18:39:26] LTE CSQ =  31
[101 08-18,18:39:27] NMWakeSrc0=0, PowerWakeSrc=7
[102 08-18,18:39:29] ASR_NM cyc=1 
[103 08-18,18:39:29] LTE CSQ =  31
[104 08-18,18:39:31] Havp: Sync Phone ID 0 
[105 08-18,18:39:33] LTE CSQ =  31
[106 08-18,18:39:36] LTE CSQ =  31
[107 08-18,18:39:36] URC state notify:0
[108 08-18,18:39:37] NMWakeSrc0=0, PowerWakeSrc=7
[109 08-18,18:39:39] LTE CSQ =  31
[110 08-18,18:39:42] Havp: Sync Phone ID 0 
[111 08-18,18:39:45] ASR_NM cyc=1 
[112 08-18,18:39:46] LTE CSQ =  31
[113 08-18,18:39:47] URC state notify:0
[114 08-18,18:39:48] NMWakeSrc0=0, PowerWakeSrc=7
[115 08-18,18:39:49] LTE CSQ =  31
[116 08-18,18:39:50] response: product information to mpu. 
[117 08-18,18:39:52] Havp: Sync Phone ID 0 
[118 08-18,18:39:52] LTE CSQ =  31
[119 08-18,18:39:55] LTE CSQ =  31
[120 08-18,18:39:57] URC state notify:0
[121 08-18,18:39:58] LTE CSQ =  31
[122 08-18,18:39:58] NMWakeSrc0=0, PowerWakeSrc=7
[123 08-18,18:40:00] ASR_NM cyc=1 
[124 08-18,18:40:01] LTE CSQ =  31
[125 08-18,18:40:02] Havp: Sync Phone ID 0 
[126 08-18,18:40:04] LTE CSQ =  31
[127 08-18,18:40:07] URC state notify:0
[128 08-18,18:40:07] LTE CSQ =  31
[129 08-18,18:40:08] NMWakeSrc0=0, PowerWakeSrc=7
[130 08-18,18:40:11] LTE CSQ =  31
[131 08-18,18:40:11] Havp: Sync Phone ID 0 
[132 08-18,18:40:14] LTE CSQ =  31
[133 08-18,18:40:15] ASR_NM cyc=1 
[134 08-18,18:40:17] LTE CSQ =  31
[135 08-18,18:40:17] URC state notify:0
[136 08-18,18:40:18] NMWakeSrc0=0, PowerWakeSrc=7
[137 08-18,18:40:20] LTE CSQ =  31
[138 08-18,18:40:21] Havp: Sync Phone ID 0 
[139 08-18,18:40:23] LTE CSQ =  31
[140 08-18,18:40:26] LTE CSQ =  31
[141 08-18,18:40:27] URC state notify:0
[142 08-18,18:40:28] NMWakeSrc0=0, PowerWakeSrc=7
[143 08-18,18:40:29] LTE CSQ =  31
[144 08-18,18:40:30] ASR_NM cyc=1 
[145 08-18,18:40:31] Havp: Sync Phone ID 0 
[146 08-18,18:40:32] LTE CSQ =  31
[147 08-18,18:40:36] LTE CSQ =  31
[148 08-18,18:40:37] URC state notify:0
[149 08-18,18:40:38] NMWakeSrc0=0, PowerWakeSrc=7
[150 08-18,18:40:39] LTE CSQ =  31
[151 08-18,18:40:41] Havp: Sync Phone ID 0 
[152 08-18,18:40:42] LTE CSQ =  31
[153 08-18,18:40:44] ASR_NM cyc=1 
[154 08-18,18:40:45] LTE CSQ =  31
[155 08-18,18:40:47] URC state notify:0
[156 08-18,18:40:48] NMWakeSrc0=0, PowerWakeSrc=7
[157 08-18,18:40:48] LTE CSQ =  31
[158 08-18,18:40:50] response: product information to mpu. 
[159 08-18,18:40:51] Havp: Sync Phone ID 0 
[160 08-18,18:40:51] LTE CSQ =  31
[161 08-18,18:40:55] LTE CSQ =  31
[162 08-18,18:40:57] URC state notify:0
[163 08-18,18:40:58] NMWakeSrc0=0, PowerWakeSrc=7
[164 08-18,18:40:58] LTE CSQ =  31
[165 08-18,18:40:59] ASR_NM cyc=1 
[166 08-18,18:41:01] LTE CSQ =  31
[167 08-18,18:41:01] Havp: Sync Phone ID 0 
[168 08-18,18:41:04] LTE CSQ =  31
[169 08-18,18:41:07] URC state notify:0
[170 08-18,18:41:07] LTE CSQ =  31
[171 08-18,18:41:07] NMWakeSrc0=0, PowerWakeSrc=7
[172 08-18,18:41:10] LTE CSQ =  31
[173 08-18,18:41:11] Havp: Sync Phone ID 0 
[174 08-18,18:41:13] LTE CSQ =  31
[175 08-18,18:41:14] ASR_NM cyc=1 
[176 08-18,18:41:17] LTE CSQ =  31
[177 08-18,18:41:17] URC state notify:0
[178 08-18,18:41:17] NMWakeSrc0=0, PowerWakeSrc=7
[179 08-18,18:41:20] LTE CSQ =  30
[180 08-18,18:41:21] Havp: Sync Phone ID 0 
[181 08-18,18:41:24] LTE CSQ =  30
[182 08-18,18:41:27] LTE CSQ =  30
[183 08-18,18:41:28] URC state notify:0
[184 08-18,18:41:28] NMWakeSrc0=0, PowerWakeSrc=7
[185 08-18,18:41:30] ASR_NM cyc=1 
[186 08-18,18:41:30] LTE CSQ =  31
[187 08-18,18:41:32] Havp: Sync Phone ID 0 
[188 08-18,18:41:33] LTE CSQ =  31
[189 08-18,18:41:36] LTE CSQ =  31
[190 08-18,18:41:38] URC state notify:0
[191 08-18,18:41:38] NMWakeSrc0=0, PowerWakeSrc=7
[192 08-18,18:41:40] LTE CSQ =  31
[193 08-18,18:41:42] Havp: Sync Phone ID 0 
[194 08-18,18:41:43] LTE CSQ =  31
[195 08-18,18:41:45] ASR_NM cyc=1 
[196 08-18,18:41:46] LTE CSQ =  31
[197 08-18,18:41:47] URC state notify:0
[198 08-18,18:41:48] NMWakeSrc0=0, PowerWakeSrc=7
[199 08-18,18:41:49] LTE CSQ =  31
[200 08-18,18:41:50] response: product information to mpu. 
[201 08-18,18:41:52] Havp: Sync Phone ID 0 
[202 08-18,18:41:52] LTE CSQ =  31
[203 08-18,18:41:55] LTE CSQ =  31
[204 08-18,18:41:57] URC state notify:0
[205 08-18,18:41:58] NMWakeSrc0=0, PowerWakeSrc=7
[206 08-18,18:41:58] LTE CSQ =  31
[207 08-18,18:42:00] ASR_NM cyc=1 
[208 08-18,18:42:01] Havp: Sync Phone ID 0 
[209 08-18,18:42:02] LTE CSQ =  31
[210 08-18,18:42:05] LTE CSQ =  31
[211 08-18,18:42:07] URC state notify:0
[212 08-18,18:42:08] NMWakeSrc0=0, PowerWakeSrc=7
[213 08-18,18:42:08] LTE CSQ =  31
[214 08-18,18:42:11] LTE CSQ =  31
[215 08-18,18:42:11] Havp: Sync Phone ID 0 
[216 08-18,18:42:14] LTE CSQ =  31
[217 08-18,18:42:15] ASR_NM cyc=1 
[218 08-18,18:42:17] LTE CSQ =  31
[219 08-18,18:42:17] URC state notify:0
[220 08-18,18:42:18] NMWakeSrc0=0, PowerWakeSrc=7
[221 08-18,18:42:20] LTE CSQ =  31
[222 08-18,18:42:21] Havp: Sync Phone ID 0 
[223 08-18,18:42:24] LTE CSQ =  31
[224 08-18,18:42:27] LTE CSQ =  31
[225 08-18,18:42:27] URC state notify:0
[226 08-18,18:42:28] power switch: Power_reqDeal:0,wake_source:0 
[227 08-18,18:42:28] NMWakeSrc0=0, PowerWakeSrc=0
[228 08-18,18:42:28] the power into the suspend mode process. 
[229 08-18,18:42:28] backBatt State Changed to:6
[230 08-18,18:42:28] [PowerApp_confirmSuspend] suspend task-id [0] 
[231 08-18,18:42:28] [PowerApp_confirmSuspend] suspend task-id [1] 
[232 08-18,18:42:28] VC_Api_Power called:0
[233 08-18,18:42:28] [PowerApp_confirmSuspend] suspend task-id [2] 
[234 08-18,18:42:28] after off, set KEY/ANT int. 
[235 08-18,18:42:28] stop mic check = 3
[236 08-18,18:42:28] [PowerApp_confirmSuspend] suspend task-id [9] 
[237 08-18,18:42:28] [PowerApp_confirmSuspend] suspend task-id [10] 
[238 08-18,18:42:28] BLE Service sleep notification Send out 
[239 08-18,18:42:30] ASR_NM cyc=1 
[240 08-18,18:42:30] LTE CSQ =  31
[241 08-18,18:42:30] Send Sleep Request to BLE!
[242 08-18,18:42:30] BLE send Sleep request ACK to MCU!
[243 08-18,18:42:30] BLE suspended!
[244 08-18,18:42:30] [PowerApp_confirmSuspend] suspend task-id [5] 
[245 08-18,18:42:30] PowerActofVPRequest:suspend
[246 08-18,18:42:30] MPU_SuspendAllowed(). 
[247 08-18,18:42:30] mpu suspend response(1): request again 3s later. 
[248 08-18,18:42:31] mpu notify: suspend Allowed. 
[249 08-18,18:42:31] Set IO WakeupIn to suspend LTE. 
[250 08-18,18:42:31] [PowerApp_confirmSuspend] suspend task-id [8] 
[251 08-18,18:42:31] Havp: Sync Phone ID 0 
[252 08-18,18:42:33] MCU SPI Logout Success
[253 08-18,18:42:33] MCU SPI deinit[1]
[254 08-18,18:42:33] [PowerApp_confirmSuspend] suspend task-id [3] 
[255 08-18,18:42:33] phy_EthRcv=0
[000 08-18,18:42:33] the RTC alarm set seconds = 604800 [18:42:34]! 
[001 08-18,18:42:33] DevMngr_Api_setSuspendDuration( 2, 604800 ) 
[002 08-18,18:42:33] [PowerApp_confirmSuspend] suspend task-id [4] 
[003 08-18,18:42:33] [PowerApp_confirmSuspend] suspend task-id [6] 
[004 08-18,18:42:33] after off, set KEY/ANT int. 
[005 08-18,18:42:33] stop mic check = 3
[006 08-18,18:42:33] [PowerApp_confirmSuspend] suspend task-id [7] 
[007 08-18,18:42:33] into the SUSPEND mode! 
[008 08-19,09:43:22]  RTC init success. 
[009 08-19,09:43:22] Gsensor type:SMA131:f8
[010 08-19,09:43:22] power switch: Power_reqDeal:1,wake_source:4 
[011 08-19,09:43:22] the power into the power on process. 
[012 08-19,09:43:22] backBatt State Changed to:0
[013 08-19,09:43:22] VC_Api_Power called:1
[014 08-19,09:43:22] waiting for spi connection
[015 08-19,09:43:22]  RTC init success. 
[016 08-19,09:43:22] Gsensor type:SMA131:f8
[017 08-19,09:43:22] IO 4G WaupIN = 0. 
[018 08-19,09:43:22] the source of power on(wake-up) is [CAN network=4]. 
[019 08-19,09:43:22] FBL version: TCU07 FBL V1.27 Nov  3 2020
[020 08-19,09:43:22] ecu app version: ASE3HTBVM 210809 Aug  9 2021 
[021 08-19,09:43:22] mcu app version: TCU07-B2 APP  V2.24 
[022 08-19,09:43:22] vehicle ecu number: sw[VE70026780], hw[VE70084601] 
[023 08-19,09:43:22] supplier ecu number: sw[T07B2SW224], hw[T07B2HW002] 
[024 08-19,09:43:22] certificate state: 0
[025 08-19,09:43:22] Vehicle Config[F110]:02 21 78 CF 00 7A 00 
[026 08-19,09:43:22] Vehicle Config[F111]:03 57 FE 57 DC F6 56 
[027 08-19,09:43:22] Vehicle Config[F106]:01 3F 04 02 0C 01 00 00 00 00 
[028 08-19,09:43:22] mem1:datatime:21-1-29-11-1-36, counter=17,locked=0 
[029 08-19,09:43:22] mem2:datatime:21-3-8-16-14-23, counter=22,locked=0 
[030 08-19,09:43:22] [PowerApp_CyclicHandle] reset timer expired dev-id [0], active stamp = 1629366202 
[031 08-19,09:43:22] [PowerApp_CyclicHandle] reset timer expired dev-id [1], active stamp = 1629366202 
[032 08-19,09:43:22] [PowerApp_CyclicHandle] reset timer expired dev-id [2], active stamp = 1629366202 
[033 08-19,09:43:22] mem3:datatime:21-3-8-16-18-9, counter=23,locked=0 
[034 08-19,09:43:22] mem4:datatime:21-3-8-16-32-51, counter=24,locked=0 
[035 08-19,09:43:24] mcu login request
[036 08-19,09:43:24] SPI Connected. Login Success
[037 08-19,09:43:24] MCU notify MPU wakeSrc = 4
[038 08-19,09:43:24] mcu current workspace: normal app. 
[039 08-19,09:43:24] no xcall key wake-up! 0000 
[040 08-19,09:43:24] thermal run away: Msg11D[1]=0,Msg119[1]=0
[041 08-19,09:43:24] MCU Rcv APU wakeup ACK
[042 08-19,09:43:24] MPU Power Indicate Resume.
[043 08-19,09:43:24] MPU Power Indicate Resume.
[044 08-19,09:43:25] Receive mpu wakeup src:4
[045 08-19,09:43:25] AP sync time [2021-08-19,09:43:25]
[046 08-19,09:43:25] LTE CSQ =  31
[047 08-19,09:43:25] internet is connected, take time:3s
[048 08-19,09:43:25] Eth0:cable:1,sqi(75,1),IGW(1,1)
[049 08-19,09:43:25] URC state notify:0
[050 08-19,09:43:25] AP sync time [2021-08-19,09:43:26]
[051 08-19,09:43:26] NMWakeSrc0=0, PowerWakeSrc=15
[052 08-19,09:43:26] LTE CSQ =  31
[053 08-19,09:43:27] LTE CSQ =  31
[054 08-19,09:43:28] MPU requests CanNetwork info: DType=1, MsgType=1, len=3. 
[055 08-19,09:43:28] MPU requests CanNetwork info: DType=1, MsgType=1, len=3. 
[056 08-19,09:43:28] CANNM ShortLivedControl:1,time=120 s!
[057 08-19,09:43:28] [MPU]CANNM control to wake-up. timeout=12000 
[058 08-19,09:43:28] AsrNM_Curr01 = 3 
[059 08-19,09:43:28] NM Wake up switch: 1,wake_source:12 
[060 08-19,09:43:28] request to wakeup the local CAN network 
[061 08-19,09:43:28] CANNM ShortLivedControl:1,time=120 s!
[062 08-19,09:43:28] [MPU]CANNM control to wake-up. timeout=12000 
[063 08-19,09:43:28] AsrNM_Curr01 = 3 
[064 08-19,09:43:28] ASR_NM=4 
[065 08-19,09:43:29] LTE CSQ =  31
[066 08-19,09:43:29] Havp: Sync Phone ID 0 
[067 08-19,09:43:30] LTE CSQ =  31
[068 08-19,09:43:31] LTE CSQ =  31
[069 08-19,09:43:32] LTE CSQ =  31
[070 08-19,09:43:33] ASR_NM cyc=4 
[071 08-19,09:43:34] LTE CSQ =  31
[072 08-19,09:43:34] log login success. 
[073 08-19,09:43:34] MPU-MCU UART Connected
[074 08-19,09:43:35] LTE CSQ =  31
[075 08-19,09:43:35] URC state notify:0
[076 08-19,09:43:36] NMWakeSrc0=12, PowerWakeSrc=12
[077 08-19,09:43:36] LTE CSQ =  31
